<?xml version="1.0" encoding="utf-8" standalone="no"?>
<!--This file represents the results of running a test suite-->
<test-results name="Codeo.CQRS.Tests.dll" total="177" errors="0" failures="0" not-run="1" inconclusive="0" ignored="0" skipped="1" invalid="0" date="2019-12-20" time="09:24:01">
  <environment nunit-version="3.6.0.0" clr-version="4.0.30319.42000" os-version="Microsoft Windows NT 10.0.18363.0" platform="Win32NT" cwd="C:\code\codeo\Codeo.CQRS" machine-name="CODEO-LT-16" user="davyd.mcColl" user-domain="CLYRAL" />
  <culture-info current-culture="en-US" current-uiculture="en-US" />
  <test-suite type="Assembly" name="Codeo.CQRS.Tests.dll" executed="True" result="Success" success="True" time="16.930" asserts="0">
    <properties>
      <property name="_PID" value="33204" />
      <property name="_APPDOMAIN" value="domain-" />
    </properties>
    <results>
      <test-suite type="TestSuite" name="Codeo" executed="True" result="Success" success="True" time="16.917" asserts="0">
        <results>
          <test-suite type="TestSuite" name="CQRS" executed="True" result="Success" success="True" time="16.916" asserts="0">
            <results>
              <test-suite type="SetUpFixture" name="Tests" executed="True" result="Success" success="True" time="16.915" asserts="0">
                <results>
                  <test-suite type="TestFixture" name="TestCommandExecution" executed="True" result="Success" success="True" time="0.001" asserts="0">
                    <results />
                  </test-suite>
                  <test-suite type="TestFixture" name="TestCommandExecution+TransactionCompletedHandler" executed="True" result="Success" success="True" time="12.237" asserts="0">
                    <results>
                      <test-case name="Codeo.CQRS.Tests.TestCommandExecution+TransactionCompletedHandler.WhenNoTransactionExists_AndTransactionEventHandlerUsed_ShouldThrow" executed="True" result="Success" success="True" time="0.045" asserts="0" />
                      <test-case name="Codeo.CQRS.Tests.TestCommandExecution+TransactionCompletedHandler.WhenTransactionExists_AndTransactionHandlerUsed_AndTransactionCommitted_ShouldInvokeHandler" executed="True" result="Success" success="True" time="0.077" asserts="0" />
                      <test-case name="Codeo.CQRS.Tests.TestCommandExecution+TransactionCompletedHandler.WhenTransactionExists_AndTransactionHandlerUsed_AndTransactionRollback_ShouldInvokeHandler" executed="True" result="Success" success="True" time="0.002" asserts="0" />
                    </results>
                  </test-suite>
                  <test-suite type="TestFixture" name="TestMemoryCache" executed="True" result="Success" success="True" time="0.003" asserts="0">
                    <results>
                      <test-case name="Codeo.CQRS.Tests.TestMemoryCache.ShouldImplementICache" executed="True" result="Success" success="True" time="0.003" asserts="0" />
                    </results>
                  </test-suite>
                  <test-suite type="TestFixture" name="TestMemoryCache+ConstructedWithExplicitSettings" executed="True" result="Success" success="True" time="0.073" asserts="0">
                    <results>
                      <test-case name="Codeo.CQRS.Tests.TestMemoryCache+ConstructedWithExplicitSettings.ShouldSetUpNamedCacheWithSettings" executed="True" result="Success" success="True" time="0.073" asserts="0" />
                    </results>
                  </test-suite>
                  <test-suite type="TestFixture" name="TestMemoryCache+ConstructedWithNoParameters" executed="True" result="Success" success="True" time="0.005" asserts="0">
                    <results>
                      <test-case name="Codeo.CQRS.Tests.TestMemoryCache+ConstructedWithNoParameters.ShouldImplementICache" executed="True" result="Success" success="True" time="0.000" asserts="0" />
                      <test-case name="Codeo.CQRS.Tests.TestMemoryCache+ConstructedWithNoParameters.ShouldUseDefaultMemoryCache" executed="True" result="Success" success="True" time="0.004" asserts="0" />
                    </results>
                  </test-suite>
                  <test-suite type="TestFixture" name="TestMemoryCache+ContainsKey" executed="True" result="Success" success="True" time="0.312" asserts="0">
                    <results>
                      <test-case name="Codeo.CQRS.Tests.TestMemoryCache+ContainsKey.ShouldImplementICache" executed="True" result="Success" success="True" time="0.000" asserts="0" />
                      <test-case name="Codeo.CQRS.Tests.TestMemoryCache+ContainsKey.ShouldReturnFromUnderlying_Contains" executed="True" result="Success" success="True" time="0.311" asserts="0" />
                    </results>
                  </test-suite>
                  <test-suite type="TestFixture" name="TestMemoryCache+DefaultCachePolicy" executed="True" result="Success" success="True" time="0.019" asserts="0">
                    <results>
                      <test-case name="Codeo.CQRS.Tests.TestMemoryCache+DefaultCachePolicy.ShouldHaveDefaultPropertyValues" executed="True" result="Success" success="True" time="0.019" asserts="0" />
                      <test-case name="Codeo.CQRS.Tests.TestMemoryCache+DefaultCachePolicy.ShouldImplementICache" executed="True" result="Success" success="True" time="0.000" asserts="0" />
                    </results>
                  </test-suite>
                  <test-suite type="TestFixture" name="TestMemoryCache+Dispose" executed="True" result="Success" success="True" time="0.004" asserts="0">
                    <results>
                      <test-case name="Codeo.CQRS.Tests.TestMemoryCache+Dispose.ShouldDisposeUnderlyingCache" executed="True" result="Success" success="True" time="0.004" asserts="0" />
                      <test-case name="Codeo.CQRS.Tests.TestMemoryCache+Dispose.ShouldImplementICache" executed="True" result="Success" success="True" time="0.000" asserts="0" />
                    </results>
                  </test-suite>
                  <test-suite type="TestFixture" name="TestMemoryCache+Get" executed="True" result="Success" success="True" time="0.000" asserts="0">
                    <results>
                      <test-case name="Codeo.CQRS.Tests.TestMemoryCache+Get.ShouldImplementICache" executed="True" result="Success" success="True" time="0.000" asserts="0" />
                    </results>
                  </test-suite>
                  <test-suite type="TestFixture" name="TestMemoryCache+Get+Typed" executed="True" result="Success" success="True" time="0.006" asserts="0">
                    <results>
                      <test-case name="Codeo.CQRS.Tests.TestMemoryCache+Get+Typed.ShouldImplementICache" executed="True" result="Success" success="True" time="0.000" asserts="0" />
                      <test-suite type="ParameterizedTest" name="ShouldReturnDefaultValueForType" executed="True" result="Success" success="True" time="0.005" asserts="0">
                        <results>
                          <test-case name="Codeo.CQRS.Tests.TestMemoryCache+Get+Typed.ShouldReturnDefaultValueForType(System.Int32,0)" executed="True" result="Success" success="True" time="0.004" asserts="0" />
                          <test-case name="Codeo.CQRS.Tests.TestMemoryCache+Get+Typed.ShouldReturnDefaultValueForType(System.Boolean,False)" executed="True" result="Success" success="True" time="0.001" asserts="0" />
                        </results>
                      </test-suite>
                    </results>
                  </test-suite>
                  <test-suite type="TestFixture" name="TestMemoryCache+Get+Untyped" executed="True" result="Success" success="True" time="0.004" asserts="0">
                    <results>
                      <test-case name="Codeo.CQRS.Tests.TestMemoryCache+Get+Untyped.ShouldImplementICache" executed="True" result="Success" success="True" time="0.000" asserts="0" />
                      <test-case name="Codeo.CQRS.Tests.TestMemoryCache+Get+Untyped.ShouldReturnNull" executed="True" result="Success" success="True" time="0.003" asserts="0" />
                    </results>
                  </test-suite>
                  <test-suite type="TestFixture" name="TestMemoryCache+GetOrDefault" executed="True" result="Success" success="True" time="0.001" asserts="0">
                    <results>
                      <test-case name="Codeo.CQRS.Tests.TestMemoryCache+GetOrDefault.ShouldAlwaysReturnDefaultValue" executed="True" result="Success" success="True" time="0.001" asserts="0" />
                      <test-case name="Codeo.CQRS.Tests.TestMemoryCache+GetOrDefault.ShouldImplementICache" executed="True" result="Success" success="True" time="0.000" asserts="0" />
                    </results>
                  </test-suite>
                  <test-suite type="TestFixture" name="TestMemoryCache+GetOrSet" executed="True" result="Success" success="True" time="0.000" asserts="0">
                    <results>
                      <test-case name="Codeo.CQRS.Tests.TestMemoryCache+GetOrSet.ShouldImplementICache" executed="True" result="Success" success="True" time="0.000" asserts="0" />
                    </results>
                  </test-suite>
                  <test-suite type="TestFixture" name="TestMemoryCache+GetOrSet+AndHaveCachedValue" executed="True" result="Success" success="True" time="0.000" asserts="0">
                    <results>
                      <test-case name="Codeo.CQRS.Tests.TestMemoryCache+GetOrSet+AndHaveCachedValue.ShouldImplementICache" executed="True" result="Success" success="True" time="0.000" asserts="0" />
                    </results>
                  </test-suite>
                  <test-suite type="TestFixture" name="TestMemoryCache+GetOrSet+AndHaveCachedValue+GivenKey" executed="True" result="Success" success="True" time="0.000" asserts="0">
                    <results>
                      <test-case name="Codeo.CQRS.Tests.TestMemoryCache+GetOrSet+AndHaveCachedValue+GivenKey.ShouldImplementICache" executed="True" result="Success" success="True" time="0.000" asserts="0" />
                    </results>
                  </test-suite>
                  <test-suite type="TestFixture" name="TestMemoryCache+GetOrSet+AndHaveCachedValue+GivenKey+AndGenerator" executed="True" result="Success" success="True" time="0.020" asserts="0">
                    <results>
                      <test-case name="Codeo.CQRS.Tests.TestMemoryCache+GetOrSet+AndHaveCachedValue+GivenKey+AndGenerator.ShouldAlwaysReturnResultOfGenerator" executed="True" result="Success" success="True" time="0.019" asserts="0" />
                      <test-case name="Codeo.CQRS.Tests.TestMemoryCache+GetOrSet+AndHaveCachedValue+GivenKey+AndGenerator.ShouldImplementICache" executed="True" result="Success" success="True" time="0.000" asserts="0" />
                    </results>
                  </test-suite>
                  <test-suite type="TestFixture" name="TestMemoryCache+GetOrSet+AndHaveCachedValue+GivenKey+AndGenerator+AndAbsoluteExpiration" executed="True" result="Success" success="True" time="0.005" asserts="0">
                    <results>
                      <test-case name="Codeo.CQRS.Tests.TestMemoryCache+GetOrSet+AndHaveCachedValue+GivenKey+AndGenerator+AndAbsoluteExpiration.ShouldAlwaysReturnResultOfGenerator" executed="True" result="Success" success="True" time="0.005" asserts="0" />
                      <test-case name="Codeo.CQRS.Tests.TestMemoryCache+GetOrSet+AndHaveCachedValue+GivenKey+AndGenerator+AndAbsoluteExpiration.ShouldImplementICache" executed="True" result="Success" success="True" time="0.000" asserts="0" />
                    </results>
                  </test-suite>
                  <test-suite type="TestFixture" name="TestMemoryCache+GetOrSet+AndHaveCachedValue+GivenKey+AndGenerator+AndSlidingExpiration" executed="True" result="Success" success="True" time="0.531" asserts="0">
                    <results>
                      <test-case name="Codeo.CQRS.Tests.TestMemoryCache+GetOrSet+AndHaveCachedValue+GivenKey+AndGenerator+AndSlidingExpiration.ShouldAlwaysReturnResultOfGenerator" executed="True" result="Success" success="True" time="0.531" asserts="0" />
                      <test-case name="Codeo.CQRS.Tests.TestMemoryCache+GetOrSet+AndHaveCachedValue+GivenKey+AndGenerator+AndSlidingExpiration.ShouldImplementICache" executed="True" result="Success" success="True" time="0.000" asserts="0" />
                    </results>
                  </test-suite>
                  <test-suite type="TestFixture" name="TestMemoryCache+GetOrSet+WhenNoCachedValue" executed="True" result="Success" success="True" time="0.000" asserts="0">
                    <results>
                      <test-case name="Codeo.CQRS.Tests.TestMemoryCache+GetOrSet+WhenNoCachedValue.ShouldImplementICache" executed="True" result="Success" success="True" time="0.000" asserts="0" />
                    </results>
                  </test-suite>
                  <test-suite type="TestFixture" name="TestMemoryCache+GetOrSet+WhenNoCachedValue+GivenKey" executed="True" result="Success" success="True" time="0.000" asserts="0">
                    <results>
                      <test-case name="Codeo.CQRS.Tests.TestMemoryCache+GetOrSet+WhenNoCachedValue+GivenKey.ShouldImplementICache" executed="True" result="Success" success="True" time="0.000" asserts="0" />
                    </results>
                  </test-suite>
                  <test-suite type="TestFixture" name="TestMemoryCache+GetOrSet+WhenNoCachedValue+GivenKey+AndGenerator" executed="True" result="Success" success="True" time="0.002" asserts="0">
                    <results>
                      <test-case name="Codeo.CQRS.Tests.TestMemoryCache+GetOrSet+WhenNoCachedValue+GivenKey+AndGenerator.ShouldAlwaysReturnResultOfGenerator" executed="True" result="Success" success="True" time="0.002" asserts="0" />
                      <test-case name="Codeo.CQRS.Tests.TestMemoryCache+GetOrSet+WhenNoCachedValue+GivenKey+AndGenerator.ShouldImplementICache" executed="True" result="Success" success="True" time="0.000" asserts="0" />
                    </results>
                  </test-suite>
                  <test-suite type="TestFixture" name="TestMemoryCache+GetOrSet+WhenNoCachedValue+GivenKey+AndGenerator+AndAbsoluteExpiration" executed="True" result="Success" success="True" time="0.076" asserts="0">
                    <results>
                      <test-case name="Codeo.CQRS.Tests.TestMemoryCache+GetOrSet+WhenNoCachedValue+GivenKey+AndGenerator+AndAbsoluteExpiration.ShouldAlwaysReturnResultOfGenerator" executed="True" result="Success" success="True" time="0.076" asserts="0" />
                      <test-case name="Codeo.CQRS.Tests.TestMemoryCache+GetOrSet+WhenNoCachedValue+GivenKey+AndGenerator+AndAbsoluteExpiration.ShouldImplementICache" executed="True" result="Success" success="True" time="0.000" asserts="0" />
                    </results>
                  </test-suite>
                  <test-suite type="TestFixture" name="TestMemoryCache+GetOrSet+WhenNoCachedValue+GivenKey+AndGenerator+AndSlidingExpiration" executed="True" result="Success" success="True" time="0.003" asserts="0">
                    <results>
                      <test-case name="Codeo.CQRS.Tests.TestMemoryCache+GetOrSet+WhenNoCachedValue+GivenKey+AndGenerator+AndSlidingExpiration.ShouldAlwaysReturnResultOfGenerator" executed="True" result="Success" success="True" time="0.003" asserts="0" />
                      <test-case name="Codeo.CQRS.Tests.TestMemoryCache+GetOrSet+WhenNoCachedValue+GivenKey+AndGenerator+AndSlidingExpiration.ShouldImplementICache" executed="True" result="Success" success="True" time="0.000" asserts="0" />
                    </results>
                  </test-suite>
                  <test-suite type="TestFixture" name="TestMemoryCache+IntegrationTests" executed="True" result="Success" success="True" time="0.000" asserts="0">
                    <results />
                  </test-suite>
                  <test-suite type="TestFixture" name="TestMemoryCache+IntegrationTests+AttemptingGetForMismatchedType" executed="True" result="Success" success="True" time="0.018" asserts="0">
                    <results>
                      <test-case name="Codeo.CQRS.Tests.TestMemoryCache+IntegrationTests+AttemptingGetForMismatchedType.ShouldAttemptConversion" executed="True" result="Success" success="True" time="0.017" asserts="0" />
                      <test-case name="Codeo.CQRS.Tests.TestMemoryCache+IntegrationTests+AttemptingGetForMismatchedType.ShouldReturnDefaultWhenConversionNotPossible" executed="True" result="Success" success="True" time="0.001" asserts="0" />
                    </results>
                  </test-suite>
                  <test-suite type="TestFixture" name="TestMemoryCache+IntegrationTests+AttemptingToGetNonExistentItem" executed="True" result="Success" success="True" time="0.001" asserts="0">
                    <results>
                      <test-case name="Codeo.CQRS.Tests.TestMemoryCache+IntegrationTests+AttemptingToGetNonExistentItem.ShouldReturn" executed="True" result="Success" success="True" time="0.001" asserts="0" />
                    </results>
                  </test-suite>
                  <test-suite type="TestFixture" name="TestMemoryCache+IntegrationTests+EssentiallyTestingMemoryCache" executed="True" result="Success" success="True" time="0.000" asserts="0">
                    <results />
                  </test-suite>
                  <test-suite type="TestFixture" name="TestMemoryCache+IntegrationTests+EssentiallyTestingMemoryCache+Expiration" executed="True" result="Success" success="True" time="1.112" asserts="0">
                    <results>
                      <test-case name="Codeo.CQRS.Tests.TestMemoryCache+IntegrationTests+EssentiallyTestingMemoryCache+Expiration.ShouldReFetchAfterItemHasExpired" executed="True" result="Success" success="True" time="1.111" asserts="0" />
                    </results>
                  </test-suite>
                  <test-suite type="TestFixture" name="TestMemoryCache+Remove" executed="True" result="Success" success="True" time="0.000" asserts="0">
                    <results>
                      <test-case name="Codeo.CQRS.Tests.TestMemoryCache+Remove.ShouldImplementICache" executed="True" result="Success" success="True" time="0.000" asserts="0" />
                    </results>
                  </test-suite>
                  <test-suite type="TestFixture" name="TestMemoryCache+Remove+WhenHaveMatchingKey" executed="True" result="Success" success="True" time="0.002" asserts="0">
                    <results>
                      <test-case name="Codeo.CQRS.Tests.TestMemoryCache+Remove+WhenHaveMatchingKey.ShouldImplementICache" executed="True" result="Success" success="True" time="0.000" asserts="0" />
                      <test-case name="Codeo.CQRS.Tests.TestMemoryCache+Remove+WhenHaveMatchingKey.ShouldRemove" executed="True" result="Success" success="True" time="0.002" asserts="0" />
                    </results>
                  </test-suite>
                  <test-suite type="TestFixture" name="TestMemoryCache+Remove+WhenNoMatchingKey" executed="True" result="Success" success="True" time="0.002" asserts="0">
                    <results>
                      <test-case name="Codeo.CQRS.Tests.TestMemoryCache+Remove+WhenNoMatchingKey.ShouldImplementICache" executed="True" result="Success" success="True" time="0.000" asserts="0" />
                      <test-case name="Codeo.CQRS.Tests.TestMemoryCache+Remove+WhenNoMatchingKey.ShouldNotThrow" executed="True" result="Success" success="True" time="0.001" asserts="0" />
                    </results>
                  </test-suite>
                  <test-suite type="TestFixture" name="TestMemoryCache+RemoveAll" executed="True" result="Success" success="True" time="0.000" asserts="0">
                    <results>
                      <test-case name="Codeo.CQRS.Tests.TestMemoryCache+RemoveAll.ShouldImplementICache" executed="True" result="Success" success="True" time="0.000" asserts="0" />
                    </results>
                  </test-suite>
                  <test-suite type="TestFixture" name="TestMemoryCache+RemoveAll+WhenEmpty" executed="True" result="Success" success="True" time="0.002" asserts="0">
                    <results>
                      <test-case name="Codeo.CQRS.Tests.TestMemoryCache+RemoveAll+WhenEmpty.ShouldImplementICache" executed="True" result="Success" success="True" time="0.000" asserts="0" />
                      <test-case name="Codeo.CQRS.Tests.TestMemoryCache+RemoveAll+WhenEmpty.ShouldNotThrow" executed="True" result="Success" success="True" time="0.002" asserts="0" />
                    </results>
                  </test-suite>
                  <test-suite type="TestFixture" name="TestMemoryCache+RemoveAll+WhenHaveCache" executed="True" result="Success" success="True" time="0.030" asserts="0">
                    <results>
                      <test-case name="Codeo.CQRS.Tests.TestMemoryCache+RemoveAll+WhenHaveCache.ShouldClearAll" executed="True" result="Success" success="True" time="0.029" asserts="0" />
                      <test-case name="Codeo.CQRS.Tests.TestMemoryCache+RemoveAll+WhenHaveCache.ShouldImplementICache" executed="True" result="Success" success="True" time="0.000" asserts="0" />
                    </results>
                  </test-suite>
                  <test-suite type="TestFixture" name="TestMemoryCache+Set" executed="True" result="Success" success="True" time="0.000" asserts="0">
                    <results>
                      <test-case name="Codeo.CQRS.Tests.TestMemoryCache+Set.ShouldImplementICache" executed="True" result="Success" success="True" time="0.000" asserts="0" />
                    </results>
                  </test-suite>
                  <test-suite type="TestFixture" name="TestMemoryCache+Set+GivenKey" executed="True" result="Success" success="True" time="0.000" asserts="0">
                    <results>
                      <test-case name="Codeo.CQRS.Tests.TestMemoryCache+Set+GivenKey.ShouldImplementICache" executed="True" result="Success" success="True" time="0.000" asserts="0" />
                    </results>
                  </test-suite>
                  <test-suite type="TestFixture" name="TestMemoryCache+Set+GivenKey+AndValue" executed="True" result="Success" success="True" time="0.025" asserts="0">
                    <results>
                      <test-case name="Codeo.CQRS.Tests.TestMemoryCache+Set+GivenKey+AndValue.ShouldImplementICache" executed="True" result="Success" success="True" time="0.000" asserts="0" />
                      <test-case name="Codeo.CQRS.Tests.TestMemoryCache+Set+GivenKey+AndValue.ShouldSet" executed="True" result="Success" success="True" time="0.025" asserts="0" />
                    </results>
                  </test-suite>
                  <test-suite type="TestFixture" name="TestMemoryCache+Set+GivenKey+AndValue+AndAbsoluteExpiration" executed="True" result="Success" success="True" time="0.003" asserts="0">
                    <results>
                      <test-case name="Codeo.CQRS.Tests.TestMemoryCache+Set+GivenKey+AndValue+AndAbsoluteExpiration.ShouldImplementICache" executed="True" result="Success" success="True" time="0.000" asserts="0" />
                      <test-case name="Codeo.CQRS.Tests.TestMemoryCache+Set+GivenKey+AndValue+AndAbsoluteExpiration.ShouldSet" executed="True" result="Success" success="True" time="0.000" asserts="0" />
                      <test-case name="Codeo.CQRS.Tests.TestMemoryCache+Set+GivenKey+AndValue+AndAbsoluteExpiration.ShouldSetWithExpiration" executed="True" result="Success" success="True" time="0.003" asserts="0" />
                    </results>
                  </test-suite>
                  <test-suite type="TestFixture" name="TestMemoryCache+Set+GivenKey+AndValue+AndSlidingExpiration" executed="True" result="Success" success="True" time="0.003" asserts="0">
                    <results>
                      <test-case name="Codeo.CQRS.Tests.TestMemoryCache+Set+GivenKey+AndValue+AndSlidingExpiration.ShouldImplementICache" executed="True" result="Success" success="True" time="0.000" asserts="0" />
                      <test-case name="Codeo.CQRS.Tests.TestMemoryCache+Set+GivenKey+AndValue+AndSlidingExpiration.ShouldSet" executed="True" result="Success" success="True" time="0.000" asserts="0" />
                      <test-case name="Codeo.CQRS.Tests.TestMemoryCache+Set+GivenKey+AndValue+AndSlidingExpiration.ShouldSetWithExpiration" executed="True" result="Success" success="True" time="0.002" asserts="0" />
                    </results>
                  </test-suite>
                  <test-suite type="TestFixture" name="TestNoCache" executed="True" result="Success" success="True" time="0.001" asserts="0">
                    <results>
                      <test-case name="Codeo.CQRS.Tests.TestNoCache.ShouldImplementICache" executed="True" result="Success" success="True" time="0.001" asserts="0" />
                    </results>
                  </test-suite>
                  <test-suite type="TestFixture" name="TestNoCache+ContainsKey" executed="True" result="Success" success="True" time="0.001" asserts="0">
                    <results>
                      <test-case name="Codeo.CQRS.Tests.TestNoCache+ContainsKey.ShouldAlwaysReturnFalse" executed="True" result="Success" success="True" time="0.001" asserts="0" />
                    </results>
                  </test-suite>
                  <test-suite type="TestFixture" name="TestNoCache+Get" executed="True" result="Success" success="True" time="0.000" asserts="0">
                    <results />
                  </test-suite>
                  <test-suite type="TestFixture" name="TestNoCache+Get+GetOrDefault" executed="True" result="Success" success="True" time="0.001" asserts="0">
                    <results>
                      <test-case name="Codeo.CQRS.Tests.TestNoCache+Get+GetOrDefault.ShouldAlwaysReturnDefaultValue" executed="True" result="Success" success="True" time="0.001" asserts="0" />
                    </results>
                  </test-suite>
                  <test-suite type="TestFixture" name="TestNoCache+Get+GetOrSet" executed="True" result="Success" success="True" time="0.000" asserts="0">
                    <results />
                  </test-suite>
                  <test-suite type="TestFixture" name="TestNoCache+Get+GetOrSet+GivenKey" executed="True" result="Success" success="True" time="0.000" asserts="0">
                    <results />
                  </test-suite>
                  <test-suite type="TestFixture" name="TestNoCache+Get+GetOrSet+GivenKey+AndGenerator" executed="True" result="Success" success="True" time="0.001" asserts="0">
                    <results>
                      <test-case name="Codeo.CQRS.Tests.TestNoCache+Get+GetOrSet+GivenKey+AndGenerator.ShouldAlwaysReturnResultOfGenerator" executed="True" result="Success" success="True" time="0.001" asserts="0" />
                    </results>
                  </test-suite>
                  <test-suite type="TestFixture" name="TestNoCache+Get+GetOrSet+GivenKey+AndGenerator+AndAbsoluteExpiration" executed="True" result="Success" success="True" time="0.001" asserts="0">
                    <results>
                      <test-case name="Codeo.CQRS.Tests.TestNoCache+Get+GetOrSet+GivenKey+AndGenerator+AndAbsoluteExpiration.ShouldAlwaysReturnResultOfGenerator" executed="True" result="Success" success="True" time="0.001" asserts="0" />
                    </results>
                  </test-suite>
                  <test-suite type="TestFixture" name="TestNoCache+Get+GetOrSet+GivenKey+AndGenerator+AndSlidingExpiration" executed="True" result="Success" success="True" time="0.001" asserts="0">
                    <results>
                      <test-case name="Codeo.CQRS.Tests.TestNoCache+Get+GetOrSet+GivenKey+AndGenerator+AndSlidingExpiration.ShouldAlwaysReturnResultOfGenerator" executed="True" result="Success" success="True" time="0.001" asserts="0" />
                    </results>
                  </test-suite>
                  <test-suite type="TestFixture" name="TestNoCache+Get+Remove" executed="True" result="Success" success="True" time="0.001" asserts="0">
                    <results>
                      <test-case name="Codeo.CQRS.Tests.TestNoCache+Get+Remove.ShouldNotThrow" executed="True" result="Success" success="True" time="0.001" asserts="0" />
                    </results>
                  </test-suite>
                  <test-suite type="TestFixture" name="TestNoCache+Get+RemoveAll" executed="True" result="Success" success="True" time="0.001" asserts="0">
                    <results>
                      <test-case name="Codeo.CQRS.Tests.TestNoCache+Get+RemoveAll.ShouldNotThrow" executed="True" result="Success" success="True" time="0.001" asserts="0" />
                    </results>
                  </test-suite>
                  <test-suite type="TestFixture" name="TestNoCache+Get+Typed" executed="True" result="Success" success="True" time="0.002" asserts="0">
                    <results>
                      <test-suite type="ParameterizedTest" name="ShouldReturnDefaultValueForType" executed="True" result="Success" success="True" time="0.002" asserts="0">
                        <results>
                          <test-case name="Codeo.CQRS.Tests.TestNoCache+Get+Typed.ShouldReturnDefaultValueForType(System.Int32,0)" executed="True" result="Success" success="True" time="0.001" asserts="0" />
                          <test-case name="Codeo.CQRS.Tests.TestNoCache+Get+Typed.ShouldReturnDefaultValueForType(System.Boolean,False)" executed="True" result="Success" success="True" time="0.000" asserts="0" />
                        </results>
                      </test-suite>
                    </results>
                  </test-suite>
                  <test-suite type="TestFixture" name="TestNoCache+Get+Untyped" executed="True" result="Success" success="True" time="0.001" asserts="0">
                    <results>
                      <test-case name="Codeo.CQRS.Tests.TestNoCache+Get+Untyped.ShouldReturnNull" executed="True" result="Success" success="True" time="0.000" asserts="0" />
                    </results>
                  </test-suite>
                  <test-suite type="TestFixture" name="TestNoCache+Set" executed="True" result="Success" success="True" time="0.000" asserts="0">
                    <results />
                  </test-suite>
                  <test-suite type="TestFixture" name="TestNoCache+Set+GivenKey" executed="True" result="Success" success="True" time="0.000" asserts="0">
                    <results />
                  </test-suite>
                  <test-suite type="TestFixture" name="TestNoCache+Set+GivenKey+AndValue" executed="True" result="Success" success="True" time="0.001" asserts="0">
                    <results>
                      <test-case name="Codeo.CQRS.Tests.TestNoCache+Set+GivenKey+AndValue.ShouldNotThrow" executed="True" result="Success" success="True" time="0.001" asserts="0" />
                    </results>
                  </test-suite>
                  <test-suite type="TestFixture" name="TestNoCache+Set+GivenKey+AndValue+AndAbsoluteExpiration" executed="True" result="Success" success="True" time="0.002" asserts="0">
                    <results>
                      <test-case name="Codeo.CQRS.Tests.TestNoCache+Set+GivenKey+AndValue+AndAbsoluteExpiration.ShouldNotThrow" executed="True" result="Success" success="True" time="0.002" asserts="0" />
                    </results>
                  </test-suite>
                  <test-suite type="TestFixture" name="TestNoCache+Set+GivenKey+AndValue+AndSlidingExpiration" executed="True" result="Success" success="True" time="0.001" asserts="0">
                    <results>
                      <test-case name="Codeo.CQRS.Tests.TestNoCache+Set+GivenKey+AndValue+AndSlidingExpiration.ShouldNotThrow" executed="True" result="Success" success="True" time="0.001" asserts="0" />
                    </results>
                  </test-suite>
                  <test-suite type="TestFixture" name="TestQueryExecution" executed="True" result="Success" success="True" time="0.200" asserts="0">
                    <results>
                      <test-case name="Codeo.CQRS.Tests.TestQueryExecution.ShouldBeAbleToInsertAndReadASingleResult" executed="True" result="Success" success="True" time="0.149" asserts="0" />
                      <test-case name="Codeo.CQRS.Tests.TestQueryExecution.ShouldBeAbleToInsertWithNoResult" executed="True" result="Success" success="True" time="0.010" asserts="0" />
                      <test-case name="Codeo.CQRS.Tests.TestQueryExecution.ShouldBeAbleToReadManyResultsOfNonEntity" executed="True" result="Success" success="True" time="0.023" asserts="0" />
                      <test-case name="Codeo.CQRS.Tests.TestQueryExecution.ShouldBeAbleToReadMultipleResults" executed="True" result="Success" success="True" time="0.012" asserts="0" />
                      <test-case name="Codeo.CQRS.Tests.TestQueryExecution.ShouldBeAbleToReadSingleResult" executed="True" result="Success" success="True" time="0.002" asserts="0" />
                      <test-case name="Codeo.CQRS.Tests.TestQueryExecution.ShouldBeAbleToReadSingleResultOfNonEntity" executed="True" result="Success" success="True" time="0.002" asserts="0" />
                    </results>
                  </test-suite>
                  <test-suite type="TestFixture" name="TestQueryExecution+SingleResultFailures" executed="True" result="Success" success="True" time="0.018" asserts="0">
                    <results>
                      <test-case name="Codeo.CQRS.Tests.TestQueryExecution+SingleResultFailures.ShouldBeAbleToInsertAndReadASingleResult" executed="True" result="Success" success="True" time="0.006" asserts="0" />
                      <test-case name="Codeo.CQRS.Tests.TestQueryExecution+SingleResultFailures.ShouldBeAbleToInsertWithNoResult" executed="True" result="Success" success="True" time="0.003" asserts="0" />
                      <test-case name="Codeo.CQRS.Tests.TestQueryExecution+SingleResultFailures.ShouldBeAbleToReadManyResultsOfNonEntity" executed="True" result="Success" success="True" time="0.001" asserts="0" />
                      <test-case name="Codeo.CQRS.Tests.TestQueryExecution+SingleResultFailures.ShouldBeAbleToReadMultipleResults" executed="True" result="Success" success="True" time="0.005" asserts="0" />
                      <test-case name="Codeo.CQRS.Tests.TestQueryExecution+SingleResultFailures.ShouldBeAbleToReadSingleResult" executed="True" result="Success" success="True" time="0.001" asserts="0" />
                      <test-case name="Codeo.CQRS.Tests.TestQueryExecution+SingleResultFailures.ShouldBeAbleToReadSingleResultOfNonEntity" executed="True" result="Success" success="True" time="0.001" asserts="0" />
                    </results>
                  </test-suite>
                  <test-suite type="TestFixture" name="TestQueryExecution+SingleResultFailures+WhenDebugMessagesDisabled" executed="True" result="Success" success="True" time="0.109" asserts="0">
                    <results>
                      <test-case name="Codeo.CQRS.Tests.TestQueryExecution+SingleResultFailures+WhenDebugMessagesDisabled.ShouldBeAbleToInsertAndReadASingleResult" executed="True" result="Success" success="True" time="0.005" asserts="0" />
                      <test-case name="Codeo.CQRS.Tests.TestQueryExecution+SingleResultFailures+WhenDebugMessagesDisabled.ShouldBeAbleToInsertWithNoResult" executed="True" result="Success" success="True" time="0.003" asserts="0" />
                      <test-case name="Codeo.CQRS.Tests.TestQueryExecution+SingleResultFailures+WhenDebugMessagesDisabled.ShouldBeAbleToReadManyResultsOfNonEntity" executed="True" result="Success" success="True" time="0.001" asserts="0" />
                      <test-case name="Codeo.CQRS.Tests.TestQueryExecution+SingleResultFailures+WhenDebugMessagesDisabled.ShouldBeAbleToReadMultipleResults" executed="True" result="Success" success="True" time="0.005" asserts="0" />
                      <test-case name="Codeo.CQRS.Tests.TestQueryExecution+SingleResultFailures+WhenDebugMessagesDisabled.ShouldBeAbleToReadSingleResult" executed="True" result="Success" success="True" time="0.001" asserts="0" />
                      <test-case name="Codeo.CQRS.Tests.TestQueryExecution+SingleResultFailures+WhenDebugMessagesDisabled.ShouldBeAbleToReadSingleResultOfNonEntity" executed="True" result="Success" success="True" time="0.002" asserts="0" />
                      <test-case name="Codeo.CQRS.Tests.TestQueryExecution+SingleResultFailures+WhenDebugMessagesDisabled.ShouldGiveGenericMessage" executed="True" result="Success" success="True" time="0.093" asserts="0" />
                    </results>
                  </test-suite>
                  <test-suite type="TestFixture" name="TestQueryExecution+SingleResultFailures+WhenDebugMessagesEnabled" executed="True" result="Success" success="True" time="0.132" asserts="0">
                    <results>
                      <test-case name="Codeo.CQRS.Tests.TestQueryExecution+SingleResultFailures+WhenDebugMessagesEnabled.ShouldBeAbleToInsertAndReadASingleResult" executed="True" result="Success" success="True" time="0.004" asserts="0" />
                      <test-case name="Codeo.CQRS.Tests.TestQueryExecution+SingleResultFailures+WhenDebugMessagesEnabled.ShouldBeAbleToInsertWithNoResult" executed="True" result="Success" success="True" time="0.003" asserts="0" />
                      <test-case name="Codeo.CQRS.Tests.TestQueryExecution+SingleResultFailures+WhenDebugMessagesEnabled.ShouldBeAbleToReadManyResultsOfNonEntity" executed="True" result="Success" success="True" time="0.001" asserts="0" />
                      <test-case name="Codeo.CQRS.Tests.TestQueryExecution+SingleResultFailures+WhenDebugMessagesEnabled.ShouldBeAbleToReadMultipleResults" executed="True" result="Success" success="True" time="0.006" asserts="0" />
                      <test-case name="Codeo.CQRS.Tests.TestQueryExecution+SingleResultFailures+WhenDebugMessagesEnabled.ShouldBeAbleToReadSingleResult" executed="True" result="Success" success="True" time="0.001" asserts="0" />
                      <test-case name="Codeo.CQRS.Tests.TestQueryExecution+SingleResultFailures+WhenDebugMessagesEnabled.ShouldBeAbleToReadSingleResultOfNonEntity" executed="True" result="Success" success="True" time="0.002" asserts="0" />
                      <test-case name="Codeo.CQRS.Tests.TestQueryExecution+SingleResultFailures+WhenDebugMessagesEnabled.ShouldGiveDetailedMessage" executed="True" result="Success" success="True" time="0.116" asserts="0" />
                    </results>
                  </test-suite>
                  <test-suite type="TestFixture" name="TestQueryExecution+TestCachingByAttribute" executed="True" result="Success" success="True" time="0.016" asserts="0">
                    <results>
                      <test-case name="Codeo.CQRS.Tests.TestQueryExecution+TestCachingByAttribute.ShouldBeAbleToInsertAndReadASingleResult" executed="True" result="Success" success="True" time="0.005" asserts="0" />
                      <test-case name="Codeo.CQRS.Tests.TestQueryExecution+TestCachingByAttribute.ShouldBeAbleToInsertWithNoResult" executed="True" result="Success" success="True" time="0.002" asserts="0" />
                      <test-case name="Codeo.CQRS.Tests.TestQueryExecution+TestCachingByAttribute.ShouldBeAbleToReadManyResultsOfNonEntity" executed="True" result="Success" success="True" time="0.001" asserts="0" />
                      <test-case name="Codeo.CQRS.Tests.TestQueryExecution+TestCachingByAttribute.ShouldBeAbleToReadMultipleResults" executed="True" result="Success" success="True" time="0.006" asserts="0" />
                      <test-case name="Codeo.CQRS.Tests.TestQueryExecution+TestCachingByAttribute.ShouldBeAbleToReadSingleResult" executed="True" result="Success" success="True" time="0.001" asserts="0" />
                      <test-case name="Codeo.CQRS.Tests.TestQueryExecution+TestCachingByAttribute.ShouldBeAbleToReadSingleResultOfNonEntity" executed="True" result="Success" success="True" time="0.001" asserts="0" />
                    </results>
                  </test-suite>
                  <test-suite type="TestFixture" name="TestQueryExecution+TestCachingByAttribute+OnSelectQueries" executed="True" result="Success" success="True" time="1.555" asserts="0">
                    <results>
                      <test-case name="Codeo.CQRS.Tests.TestQueryExecution+TestCachingByAttribute+OnSelectQueries.ShouldAutomaticallyExpire" executed="True" result="Success" success="True" time="1.518" asserts="0" />
                      <test-case name="Codeo.CQRS.Tests.TestQueryExecution+TestCachingByAttribute+OnSelectQueries.ShouldBeAbleToInsertAndReadASingleResult" executed="True" result="Success" success="True" time="0.011" asserts="0" />
                      <test-case name="Codeo.CQRS.Tests.TestQueryExecution+TestCachingByAttribute+OnSelectQueries.ShouldBeAbleToInsertWithNoResult" executed="True" result="Success" success="True" time="0.003" asserts="0" />
                      <test-case name="Codeo.CQRS.Tests.TestQueryExecution+TestCachingByAttribute+OnSelectQueries.ShouldBeAbleToReadManyResultsOfNonEntity" executed="True" result="Success" success="True" time="0.001" asserts="0" />
                      <test-case name="Codeo.CQRS.Tests.TestQueryExecution+TestCachingByAttribute+OnSelectQueries.ShouldBeAbleToReadMultipleResults" executed="True" result="Success" success="True" time="0.005" asserts="0" />
                      <test-case name="Codeo.CQRS.Tests.TestQueryExecution+TestCachingByAttribute+OnSelectQueries.ShouldBeAbleToReadSingleResult" executed="True" result="Success" success="True" time="0.001" asserts="0" />
                      <test-case name="Codeo.CQRS.Tests.TestQueryExecution+TestCachingByAttribute+OnSelectQueries.ShouldBeAbleToReadSingleResultOfNonEntity" executed="True" result="Success" success="True" time="0.001" asserts="0" />
                      <test-case name="Codeo.CQRS.Tests.TestQueryExecution+TestCachingByAttribute+OnSelectQueries.ShouldNotUseCacheWhenCacheKeyPropertiesDiffer" executed="True" result="Success" success="True" time="0.008" asserts="0" />
                      <test-case name="Codeo.CQRS.Tests.TestQueryExecution+TestCachingByAttribute+OnSelectQueries.ShouldUseCache" executed="True" result="Success" success="True" time="0.006" asserts="0" />
                    </results>
                  </test-suite>
                  <test-suite type="TestFixture" name="TestQueryExecution+TestCachingByAttribute+ShouldNeverUseOnTransformQueries" executed="True" result="Success" success="True" time="0.016" asserts="0">
                    <results>
                      <test-case name="Codeo.CQRS.Tests.TestQueryExecution+TestCachingByAttribute+ShouldNeverUseOnTransformQueries.ShouldBeAbleToInsertAndReadASingleResult" executed="True" result="Success" success="True" time="0.004" asserts="0" />
                      <test-case name="Codeo.CQRS.Tests.TestQueryExecution+TestCachingByAttribute+ShouldNeverUseOnTransformQueries.ShouldBeAbleToInsertWithNoResult" executed="True" result="Success" success="True" time="0.003" asserts="0" />
                      <test-case name="Codeo.CQRS.Tests.TestQueryExecution+TestCachingByAttribute+ShouldNeverUseOnTransformQueries.ShouldBeAbleToReadManyResultsOfNonEntity" executed="True" result="Success" success="True" time="0.001" asserts="0" />
                      <test-case name="Codeo.CQRS.Tests.TestQueryExecution+TestCachingByAttribute+ShouldNeverUseOnTransformQueries.ShouldBeAbleToReadMultipleResults" executed="True" result="Success" success="True" time="0.005" asserts="0" />
                      <test-case name="Codeo.CQRS.Tests.TestQueryExecution+TestCachingByAttribute+ShouldNeverUseOnTransformQueries.ShouldBeAbleToReadSingleResult" executed="True" result="Success" success="True" time="0.001" asserts="0" />
                      <test-case name="Codeo.CQRS.Tests.TestQueryExecution+TestCachingByAttribute+ShouldNeverUseOnTransformQueries.ShouldBeAbleToReadSingleResultOfNonEntity" executed="True" result="Success" success="True" time="0.001" asserts="0" />
                    </results>
                  </test-suite>
                  <test-suite type="TestFixture" name="TestQueryExecution+TestCachingByAttribute+ShouldNeverUseOnTransformQueries+WhenIsDelete" executed="True" result="Success" success="True" time="0.049" asserts="0">
                    <results>
                      <test-case name="Codeo.CQRS.Tests.TestQueryExecution+TestCachingByAttribute+ShouldNeverUseOnTransformQueries+WhenIsDelete.ShouldBeAbleToInsertAndReadASingleResult" executed="True" result="Success" success="True" time="0.004" asserts="0" />
                      <test-case name="Codeo.CQRS.Tests.TestQueryExecution+TestCachingByAttribute+ShouldNeverUseOnTransformQueries+WhenIsDelete.ShouldBeAbleToInsertWithNoResult" executed="True" result="Success" success="True" time="0.005" asserts="0" />
                      <test-case name="Codeo.CQRS.Tests.TestQueryExecution+TestCachingByAttribute+ShouldNeverUseOnTransformQueries+WhenIsDelete.ShouldBeAbleToReadManyResultsOfNonEntity" executed="True" result="Success" success="True" time="0.001" asserts="0" />
                      <test-case name="Codeo.CQRS.Tests.TestQueryExecution+TestCachingByAttribute+ShouldNeverUseOnTransformQueries+WhenIsDelete.ShouldBeAbleToReadMultipleResults" executed="True" result="Success" success="True" time="0.006" asserts="0" />
                      <test-case name="Codeo.CQRS.Tests.TestQueryExecution+TestCachingByAttribute+ShouldNeverUseOnTransformQueries+WhenIsDelete.ShouldBeAbleToReadSingleResult" executed="True" result="Success" success="True" time="0.001" asserts="0" />
                      <test-case name="Codeo.CQRS.Tests.TestQueryExecution+TestCachingByAttribute+ShouldNeverUseOnTransformQueries+WhenIsDelete.ShouldBeAbleToReadSingleResultOfNonEntity" executed="True" result="Success" success="True" time="0.001" asserts="0" />
                      <test-case name="Codeo.CQRS.Tests.TestQueryExecution+TestCachingByAttribute+ShouldNeverUseOnTransformQueries+WhenIsDelete.ShouldNotUse" executed="True" result="Success" success="True" time="0.018" asserts="0" />
                      <test-case name="Codeo.CQRS.Tests.TestQueryExecution+TestCachingByAttribute+ShouldNeverUseOnTransformQueries+WhenIsDelete.ShouldNotUseWithResults" executed="True" result="Success" success="True" time="0.013" asserts="0" />
                    </results>
                  </test-suite>
                  <test-suite type="TestFixture" name="TestQueryExecution+TestCachingByAttribute+ShouldNeverUseOnTransformQueries+WhenIsInsert" executed="True" result="Success" success="True" time="0.036" asserts="0">
                    <results>
                      <test-case name="Codeo.CQRS.Tests.TestQueryExecution+TestCachingByAttribute+ShouldNeverUseOnTransformQueries+WhenIsInsert.ShouldBeAbleToInsertAndReadASingleResult" executed="True" result="Success" success="True" time="0.004" asserts="0" />
                      <test-case name="Codeo.CQRS.Tests.TestQueryExecution+TestCachingByAttribute+ShouldNeverUseOnTransformQueries+WhenIsInsert.ShouldBeAbleToInsertWithNoResult" executed="True" result="Success" success="True" time="0.004" asserts="0" />
                      <test-case name="Codeo.CQRS.Tests.TestQueryExecution+TestCachingByAttribute+ShouldNeverUseOnTransformQueries+WhenIsInsert.ShouldBeAbleToReadManyResultsOfNonEntity" executed="True" result="Success" success="True" time="0.001" asserts="0" />
                      <test-case name="Codeo.CQRS.Tests.TestQueryExecution+TestCachingByAttribute+ShouldNeverUseOnTransformQueries+WhenIsInsert.ShouldBeAbleToReadMultipleResults" executed="True" result="Success" success="True" time="0.005" asserts="0" />
                      <test-case name="Codeo.CQRS.Tests.TestQueryExecution+TestCachingByAttribute+ShouldNeverUseOnTransformQueries+WhenIsInsert.ShouldBeAbleToReadSingleResult" executed="True" result="Success" success="True" time="0.001" asserts="0" />
                      <test-case name="Codeo.CQRS.Tests.TestQueryExecution+TestCachingByAttribute+ShouldNeverUseOnTransformQueries+WhenIsInsert.ShouldBeAbleToReadSingleResultOfNonEntity" executed="True" result="Success" success="True" time="0.001" asserts="0" />
                      <test-case name="Codeo.CQRS.Tests.TestQueryExecution+TestCachingByAttribute+ShouldNeverUseOnTransformQueries+WhenIsInsert.ShouldNotUse" executed="True" result="Success" success="True" time="0.012" asserts="0" />
                      <test-case name="Codeo.CQRS.Tests.TestQueryExecution+TestCachingByAttribute+ShouldNeverUseOnTransformQueries+WhenIsInsert.ShouldNotUseOnWithResult" executed="True" result="Success" success="True" time="0.008" asserts="0" />
                    </results>
                  </test-suite>
                  <test-suite type="TestFixture" name="TestQueryExecution+TestCachingByAttribute+ShouldNeverUseOnTransformQueries+WhenIsUpdate" executed="True" result="Success" success="True" time="0.036" asserts="0">
                    <results>
                      <test-case name="Codeo.CQRS.Tests.TestQueryExecution+TestCachingByAttribute+ShouldNeverUseOnTransformQueries+WhenIsUpdate.ShouldBeAbleToInsertAndReadASingleResult" executed="True" result="Success" success="True" time="0.004" asserts="0" />
                      <test-case name="Codeo.CQRS.Tests.TestQueryExecution+TestCachingByAttribute+ShouldNeverUseOnTransformQueries+WhenIsUpdate.ShouldBeAbleToInsertWithNoResult" executed="True" result="Success" success="True" time="0.004" asserts="0" />
                      <test-case name="Codeo.CQRS.Tests.TestQueryExecution+TestCachingByAttribute+ShouldNeverUseOnTransformQueries+WhenIsUpdate.ShouldBeAbleToReadManyResultsOfNonEntity" executed="True" result="Success" success="True" time="0.001" asserts="0" />
                      <test-case name="Codeo.CQRS.Tests.TestQueryExecution+TestCachingByAttribute+ShouldNeverUseOnTransformQueries+WhenIsUpdate.ShouldBeAbleToReadMultipleResults" executed="True" result="Success" success="True" time="0.005" asserts="0" />
                      <test-case name="Codeo.CQRS.Tests.TestQueryExecution+TestCachingByAttribute+ShouldNeverUseOnTransformQueries+WhenIsUpdate.ShouldBeAbleToReadSingleResult" executed="True" result="Success" success="True" time="0.001" asserts="0" />
                      <test-case name="Codeo.CQRS.Tests.TestQueryExecution+TestCachingByAttribute+ShouldNeverUseOnTransformQueries+WhenIsUpdate.ShouldBeAbleToReadSingleResultOfNonEntity" executed="True" result="Success" success="True" time="0.001" asserts="0" />
                      <test-case name="Codeo.CQRS.Tests.TestQueryExecution+TestCachingByAttribute+ShouldNeverUseOnTransformQueries+WhenIsUpdate.ShouldNotUse" executed="True" result="Success" success="True" time="0.008" asserts="0" />
                      <test-case name="Codeo.CQRS.Tests.TestQueryExecution+TestCachingByAttribute+ShouldNeverUseOnTransformQueries+WhenIsUpdate.ShouldNotUseOnResults" executed="True" result="Success" success="True" time="0.012" asserts="0" />
                    </results>
                  </test-suite>
                  <test-suite type="TestFixture" name="TestQueryExecution+TestCachingByAttribute+WhenNotDecorated" executed="True" result="Success" success="True" time="0.029" asserts="0">
                    <results>
                      <test-case name="Codeo.CQRS.Tests.TestQueryExecution+TestCachingByAttribute+WhenNotDecorated.ShouldBeAbleToInsertAndReadASingleResult" executed="True" result="Success" success="True" time="0.004" asserts="0" />
                      <test-case name="Codeo.CQRS.Tests.TestQueryExecution+TestCachingByAttribute+WhenNotDecorated.ShouldBeAbleToInsertWithNoResult" executed="True" result="Success" success="True" time="0.003" asserts="0" />
                      <test-case name="Codeo.CQRS.Tests.TestQueryExecution+TestCachingByAttribute+WhenNotDecorated.ShouldBeAbleToReadManyResultsOfNonEntity" executed="True" result="Success" success="True" time="0.001" asserts="0" />
                      <test-case name="Codeo.CQRS.Tests.TestQueryExecution+TestCachingByAttribute+WhenNotDecorated.ShouldBeAbleToReadMultipleResults" executed="True" result="Success" success="True" time="0.006" asserts="0" />
                      <test-case name="Codeo.CQRS.Tests.TestQueryExecution+TestCachingByAttribute+WhenNotDecorated.ShouldBeAbleToReadSingleResult" executed="True" result="Success" success="True" time="0.001" asserts="0" />
                      <test-case name="Codeo.CQRS.Tests.TestQueryExecution+TestCachingByAttribute+WhenNotDecorated.ShouldBeAbleToReadSingleResultOfNonEntity" executed="True" result="Success" success="True" time="0.001" asserts="0" />
                      <test-case name="Codeo.CQRS.Tests.TestQueryExecution+TestCachingByAttribute+WhenNotDecorated.ShouldNotCache" executed="True" result="Success" success="True" time="0.014" asserts="0" />
                    </results>
                  </test-suite>
                  <test-suite type="TestFixture" name="TestQueryExecution+TestGenericDeleteCommand" executed="True" result="Success" success="True" time="0.042" asserts="0">
                    <results>
                      <test-case name="Codeo.CQRS.Tests.TestQueryExecution+TestGenericDeleteCommand.ShouldBeAbleToInsertAndReadASingleResult" executed="True" result="Success" success="True" time="0.004" asserts="0" />
                      <test-case name="Codeo.CQRS.Tests.TestQueryExecution+TestGenericDeleteCommand.ShouldBeAbleToInsertWithNoResult" executed="True" result="Success" success="True" time="0.003" asserts="0" />
                      <test-case name="Codeo.CQRS.Tests.TestQueryExecution+TestGenericDeleteCommand.ShouldBeAbleToReadManyResultsOfNonEntity" executed="True" result="Success" success="True" time="0.001" asserts="0" />
                      <test-case name="Codeo.CQRS.Tests.TestQueryExecution+TestGenericDeleteCommand.ShouldBeAbleToReadMultipleResults" executed="True" result="Success" success="True" time="0.005" asserts="0" />
                      <test-case name="Codeo.CQRS.Tests.TestQueryExecution+TestGenericDeleteCommand.ShouldBeAbleToReadSingleResult" executed="True" result="Success" success="True" time="0.001" asserts="0" />
                      <test-case name="Codeo.CQRS.Tests.TestQueryExecution+TestGenericDeleteCommand.ShouldBeAbleToReadSingleResultOfNonEntity" executed="True" result="Success" success="True" time="0.001" asserts="0" />
                      <test-case name="Codeo.CQRS.Tests.TestQueryExecution+TestGenericDeleteCommand.ShouldDelete" executed="True" result="Success" success="True" time="0.019" asserts="0" />
                      <test-case name="Codeo.CQRS.Tests.TestQueryExecution+TestGenericDeleteCommand.ShouldDeleteAndReturnValue" executed="True" result="Success" success="True" time="0.007" asserts="0" />
                    </results>
                  </test-suite>
                  <test-suite type="TestFixture" name="TestQueryExecution+TestGenericUpdateCommand" executed="True" result="Success" success="True" time="0.021" asserts="0">
                    <results>
                      <test-case name="Codeo.CQRS.Tests.TestQueryExecution+TestGenericUpdateCommand.ShouldBeAbleToInsertAndReadASingleResult" executed="True" result="Success" success="True" time="0.004" asserts="0" />
                      <test-case name="Codeo.CQRS.Tests.TestQueryExecution+TestGenericUpdateCommand.ShouldBeAbleToInsertWithNoResult" executed="True" result="Success" success="True" time="0.003" asserts="0" />
                      <test-case name="Codeo.CQRS.Tests.TestQueryExecution+TestGenericUpdateCommand.ShouldBeAbleToReadManyResultsOfNonEntity" executed="True" result="Success" success="True" time="0.001" asserts="0" />
                      <test-case name="Codeo.CQRS.Tests.TestQueryExecution+TestGenericUpdateCommand.ShouldBeAbleToReadMultipleResults" executed="True" result="Success" success="True" time="0.005" asserts="0" />
                      <test-case name="Codeo.CQRS.Tests.TestQueryExecution+TestGenericUpdateCommand.ShouldBeAbleToReadSingleResult" executed="True" result="Success" success="True" time="0.001" asserts="0" />
                      <test-case name="Codeo.CQRS.Tests.TestQueryExecution+TestGenericUpdateCommand.ShouldBeAbleToReadSingleResultOfNonEntity" executed="True" result="Success" success="True" time="0.002" asserts="0" />
                      <test-case name="Codeo.CQRS.Tests.TestQueryExecution+TestGenericUpdateCommand.ShouldUpdate" executed="True" result="Success" success="True" time="0.004" asserts="0" />
                    </results>
                  </test-suite>
                  <test-suite type="TestFixture" name="TestQueryExecution+WhenTransactionIsRequired" executed="True" result="Success" success="True" time="0.019" asserts="0">
                    <results>
                      <test-case name="Codeo.CQRS.Tests.TestQueryExecution+WhenTransactionIsRequired.ShouldBeAbleToInsertAndReadASingleResult" executed="True" result="Success" success="True" time="0.004" asserts="0" />
                      <test-case name="Codeo.CQRS.Tests.TestQueryExecution+WhenTransactionIsRequired.ShouldBeAbleToInsertWithNoResult" executed="True" result="Success" success="True" time="0.004" asserts="0" />
                      <test-case name="Codeo.CQRS.Tests.TestQueryExecution+WhenTransactionIsRequired.ShouldBeAbleToReadManyResultsOfNonEntity" executed="True" result="Success" success="True" time="0.001" asserts="0" />
                      <test-case name="Codeo.CQRS.Tests.TestQueryExecution+WhenTransactionIsRequired.ShouldBeAbleToReadMultipleResults" executed="True" result="Success" success="True" time="0.005" asserts="0" />
                      <test-case name="Codeo.CQRS.Tests.TestQueryExecution+WhenTransactionIsRequired.ShouldBeAbleToReadSingleResult" executed="True" result="Success" success="True" time="0.001" asserts="0" />
                      <test-case name="Codeo.CQRS.Tests.TestQueryExecution+WhenTransactionIsRequired.ShouldBeAbleToReadSingleResultOfNonEntity" executed="True" result="Success" success="True" time="0.001" asserts="0" />
                      <test-case name="Codeo.CQRS.Tests.TestQueryExecution+WhenTransactionIsRequired.ShouldNotThrowIfAvailable" executed="False" result="Skipped">
                        <properties>
                          <property name="_SKIPREASON" value="Runs fine by itself, but in the full test pack, something is making TimeSpan.Zero != 0" />
                        </properties>
                        <reason>
                          <message><![CDATA[Runs fine by itself, but in the full test pack, something is making TimeSpan.Zero != 0]]></message>
                        </reason>
                      </test-case>
                      <test-case name="Codeo.CQRS.Tests.TestQueryExecution+WhenTransactionIsRequired.ShouldThrowIfNoneAvailable" executed="True" result="Success" success="True" time="0.002" asserts="0" />
                    </results>
                  </test-suite>
                </results>
              </test-suite>
            </results>
          </test-suite>
        </results>
      </test-suite>
    </results>
  </test-suite>
</test-results>