<?xml version="1.0" encoding="utf-8" standalone="no"?>
<test-run id="2" testcasecount="177" result="Passed" total="177" passed="176" failed="0" inconclusive="0" skipped="1" asserts="0" engine-version="3.10.0.0" clr-version="4.0.30319.42000" start-time="2019-12-19 13:39:22Z" end-time="2019-12-19 13:39:36Z" duration="13.825168">
  <command-line><![CDATA[C:\code\codeo\Codeo.CQRS\tools\NUnit.ConsoleRunner.3.10.0\tools\nunit3-console.exe /result:buildreports/nunit-result.xml /agents:5 /labels:All C:\code\codeo\Codeo.CQRS\src\Codeo.CQRS.Tests\bin\Debug\net462\Codeo.CQRS.Tests.dll]]></command-line>
  <test-suite type="Assembly" id="0-1251" name="Codeo.CQRS.Tests.dll" fullname="Codeo.CQRS.Tests.dll" runstate="Runnable" testcasecount="177" result="Passed" start-time="2019-12-19 13:39:23Z" end-time="2019-12-19 13:39:36Z" duration="13.249191" total="177" passed="176" failed="0" warnings="0" inconclusive="0" skipped="1" asserts="0">
    <environment framework-version="3.11.0.0" clr-version="4.0.30319.42000" os-version="Microsoft Windows NT 10.0.18363.0" platform="Win32NT" cwd="C:\code\codeo\Codeo.CQRS" machine-name="CODEO-LT-16" user="davyd.mcColl" user-domain="CLYRAL" culture="en-US" uiculture="en-US" os-architecture="x64" />
    <settings>
      <setting name="DisposeRunners" value="True" />
      <setting name="WorkDirectory" value="C:\code\codeo\Codeo.CQRS" />
      <setting name="MaxAgents" value="5" />
      <setting name="ImageRuntimeVersion" value="4.0.30319" />
      <setting name="ImageTargetFrameworkName" value=".NETFramework,Version=v4.6.2" />
      <setting name="ImageRequiresX86" value="False" />
      <setting name="ImageRequiresDefaultAppDomainAssemblyResolver" value="False" />
      <setting name="NumberOfTestWorkers" value="6" />
    </settings>
    <properties>
      <property name="_PID" value="25668" />
      <property name="_APPDOMAIN" value="domain-" />
    </properties>
    <test-suite type="TestSuite" id="0-1252" name="Codeo" fullname="Codeo" runstate="Runnable" testcasecount="177" result="Passed" start-time="2019-12-19 13:39:23Z" end-time="2019-12-19 13:39:36Z" duration="13.233995" total="177" passed="176" failed="0" warnings="0" inconclusive="0" skipped="1" asserts="0">
      <test-suite type="TestSuite" id="0-1253" name="CQRS" fullname="Codeo.CQRS" runstate="Runnable" testcasecount="177" result="Passed" start-time="2019-12-19 13:39:23Z" end-time="2019-12-19 13:39:36Z" duration="13.233618" total="177" passed="176" failed="0" warnings="0" inconclusive="0" skipped="1" asserts="0">
        <test-suite type="SetUpFixture" id="0-1000" name="Tests" fullname="Codeo.CQRS.Tests.GlobalSetup" classname="Codeo.CQRS.Tests.GlobalSetup" runstate="Runnable" testcasecount="177" result="Passed" start-time="2019-12-19 13:39:23Z" end-time="2019-12-19 13:39:36Z" duration="13.231230" total="177" passed="176" failed="0" warnings="0" inconclusive="0" skipped="1" asserts="0">
          <test-suite type="TestFixture" id="0-1001" name="TestCommandExecution" fullname="Codeo.CQRS.Tests.TestCommandExecution" classname="Codeo.CQRS.Tests.TestCommandExecution" runstate="Runnable" testcasecount="0" result="Passed" start-time="2019-12-19 13:39:23Z" end-time="2019-12-19 13:39:23Z" duration="0.000786" total="0" passed="0" failed="0" warnings="0" inconclusive="0" skipped="0" asserts="0" />
          <test-suite type="TestFixture" id="0-1013" name="TestCommandExecution+TransactionCompletedHandler" fullname="Codeo.CQRS.Tests.TestCommandExecution+TransactionCompletedHandler" classname="Codeo.CQRS.Tests.TestCommandExecution+TransactionCompletedHandler" runstate="Runnable" testcasecount="3" result="Passed" start-time="2019-12-19 13:39:23Z" end-time="2019-12-19 13:39:32Z" duration="8.936056" total="3" passed="3" failed="0" warnings="0" inconclusive="0" skipped="0" asserts="0">
            <test-case id="0-1014" name="WhenNoTransactionExists_AndTransactionEventHandlerUsed_ShouldThrow" fullname="Codeo.CQRS.Tests.TestCommandExecution+TransactionCompletedHandler.WhenNoTransactionExists_AndTransactionEventHandlerUsed_ShouldThrow" methodname="WhenNoTransactionExists_AndTransactionEventHandlerUsed_ShouldThrow" classname="Codeo.CQRS.Tests.TestCommandExecution+TransactionCompletedHandler" runstate="Runnable" seed="1010348190" result="Passed" start-time="2019-12-19 13:39:32Z" end-time="2019-12-19 13:39:32Z" duration="0.016048" asserts="0" />
            <test-case id="0-1016" name="WhenTransactionExists_AndTransactionHandlerUsed_AndTransactionCommitted_ShouldInvokeHandler" fullname="Codeo.CQRS.Tests.TestCommandExecution+TransactionCompletedHandler.WhenTransactionExists_AndTransactionHandlerUsed_AndTransactionCommitted_ShouldInvokeHandler" methodname="WhenTransactionExists_AndTransactionHandlerUsed_AndTransactionCommitted_ShouldInvokeHandler" classname="Codeo.CQRS.Tests.TestCommandExecution+TransactionCompletedHandler" runstate="Runnable" seed="898697421" result="Passed" start-time="2019-12-19 13:39:32Z" end-time="2019-12-19 13:39:32Z" duration="0.050045" asserts="0" />
            <test-case id="0-1015" name="WhenTransactionExists_AndTransactionHandlerUsed_AndTransactionRollback_ShouldInvokeHandler" fullname="Codeo.CQRS.Tests.TestCommandExecution+TransactionCompletedHandler.WhenTransactionExists_AndTransactionHandlerUsed_AndTransactionRollback_ShouldInvokeHandler" methodname="WhenTransactionExists_AndTransactionHandlerUsed_AndTransactionRollback_ShouldInvokeHandler" classname="Codeo.CQRS.Tests.TestCommandExecution+TransactionCompletedHandler" runstate="Runnable" seed="1686420661" result="Passed" start-time="2019-12-19 13:39:32Z" end-time="2019-12-19 13:39:32Z" duration="0.001872" asserts="0" />
          </test-suite>
          <test-suite type="TestFixture" id="0-1002" name="TestMemoryCache" fullname="Codeo.CQRS.Tests.TestMemoryCache" classname="Codeo.CQRS.Tests.TestMemoryCache" runstate="Runnable" testcasecount="1" result="Passed" start-time="2019-12-19 13:39:32Z" end-time="2019-12-19 13:39:32Z" duration="0.003112" total="1" passed="1" failed="0" warnings="0" inconclusive="0" skipped="0" asserts="0">
            <test-case id="0-1003" name="ShouldImplementICache" fullname="Codeo.CQRS.Tests.TestMemoryCache.ShouldImplementICache" methodname="ShouldImplementICache" classname="Codeo.CQRS.Tests.TestMemoryCache" runstate="Runnable" seed="1903811203" result="Passed" start-time="2019-12-19 13:39:32Z" end-time="2019-12-19 13:39:32Z" duration="0.002817" asserts="0" />
          </test-suite>
          <test-suite type="TestFixture" id="0-1023" name="TestMemoryCache+ConstructedWithExplicitSettings" fullname="Codeo.CQRS.Tests.TestMemoryCache+ConstructedWithExplicitSettings" classname="Codeo.CQRS.Tests.TestMemoryCache+ConstructedWithExplicitSettings" runstate="Runnable" testcasecount="1" result="Passed" start-time="2019-12-19 13:39:32Z" end-time="2019-12-19 13:39:32Z" duration="0.061672" total="1" passed="1" failed="0" warnings="0" inconclusive="0" skipped="0" asserts="0">
            <test-case id="0-1024" name="ShouldSetUpNamedCacheWithSettings" fullname="Codeo.CQRS.Tests.TestMemoryCache+ConstructedWithExplicitSettings.ShouldSetUpNamedCacheWithSettings" methodname="ShouldSetUpNamedCacheWithSettings" classname="Codeo.CQRS.Tests.TestMemoryCache+ConstructedWithExplicitSettings" runstate="Runnable" seed="629933220" result="Passed" start-time="2019-12-19 13:39:32Z" end-time="2019-12-19 13:39:32Z" duration="0.061500" asserts="0" />
          </test-suite>
          <test-suite type="TestFixture" id="0-1020" name="TestMemoryCache+ConstructedWithNoParameters" fullname="Codeo.CQRS.Tests.TestMemoryCache+ConstructedWithNoParameters" classname="Codeo.CQRS.Tests.TestMemoryCache+ConstructedWithNoParameters" runstate="Runnable" testcasecount="2" result="Passed" start-time="2019-12-19 13:39:32Z" end-time="2019-12-19 13:39:32Z" duration="0.008350" total="2" passed="2" failed="0" warnings="0" inconclusive="0" skipped="0" asserts="0">
            <test-case id="0-1022" name="ShouldImplementICache" fullname="Codeo.CQRS.Tests.TestMemoryCache+ConstructedWithNoParameters.ShouldImplementICache" methodname="ShouldImplementICache" classname="Codeo.CQRS.Tests.TestMemoryCache" runstate="Runnable" seed="2023854899" result="Passed" start-time="2019-12-19 13:39:32Z" end-time="2019-12-19 13:39:32Z" duration="0.000073" asserts="0" />
            <test-case id="0-1021" name="ShouldUseDefaultMemoryCache" fullname="Codeo.CQRS.Tests.TestMemoryCache+ConstructedWithNoParameters.ShouldUseDefaultMemoryCache" methodname="ShouldUseDefaultMemoryCache" classname="Codeo.CQRS.Tests.TestMemoryCache+ConstructedWithNoParameters" runstate="Runnable" seed="1364973306" result="Passed" start-time="2019-12-19 13:39:32Z" end-time="2019-12-19 13:39:32Z" duration="0.007977" asserts="0" />
          </test-suite>
          <test-suite type="TestFixture" id="0-1028" name="TestMemoryCache+ContainsKey" fullname="Codeo.CQRS.Tests.TestMemoryCache+ContainsKey" classname="Codeo.CQRS.Tests.TestMemoryCache+ContainsKey" runstate="Runnable" testcasecount="2" result="Passed" start-time="2019-12-19 13:39:32Z" end-time="2019-12-19 13:39:32Z" duration="0.232414" total="2" passed="2" failed="0" warnings="0" inconclusive="0" skipped="0" asserts="0">
            <test-case id="0-1030" name="ShouldImplementICache" fullname="Codeo.CQRS.Tests.TestMemoryCache+ContainsKey.ShouldImplementICache" methodname="ShouldImplementICache" classname="Codeo.CQRS.Tests.TestMemoryCache" runstate="Runnable" seed="655183004" result="Passed" start-time="2019-12-19 13:39:32Z" end-time="2019-12-19 13:39:32Z" duration="0.000066" asserts="0" />
            <test-case id="0-1029" name="ShouldReturnFromUnderlying_Contains" fullname="Codeo.CQRS.Tests.TestMemoryCache+ContainsKey.ShouldReturnFromUnderlying_Contains" methodname="ShouldReturnFromUnderlying_Contains" classname="Codeo.CQRS.Tests.TestMemoryCache+ContainsKey" runstate="Runnable" seed="1527509995" result="Passed" start-time="2019-12-19 13:39:32Z" end-time="2019-12-19 13:39:32Z" duration="0.232213" asserts="0" />
          </test-suite>
          <test-suite type="TestFixture" id="0-1017" name="TestMemoryCache+DefaultCachePolicy" fullname="Codeo.CQRS.Tests.TestMemoryCache+DefaultCachePolicy" classname="Codeo.CQRS.Tests.TestMemoryCache+DefaultCachePolicy" runstate="Runnable" testcasecount="2" result="Passed" start-time="2019-12-19 13:39:32Z" end-time="2019-12-19 13:39:32Z" duration="0.018761" total="2" passed="2" failed="0" warnings="0" inconclusive="0" skipped="0" asserts="0">
            <test-case id="0-1018" name="ShouldHaveDefaultPropertyValues" fullname="Codeo.CQRS.Tests.TestMemoryCache+DefaultCachePolicy.ShouldHaveDefaultPropertyValues" methodname="ShouldHaveDefaultPropertyValues" classname="Codeo.CQRS.Tests.TestMemoryCache+DefaultCachePolicy" runstate="Runnable" seed="2102257315" result="Passed" start-time="2019-12-19 13:39:32Z" end-time="2019-12-19 13:39:32Z" duration="0.018587" asserts="0" />
            <test-case id="0-1019" name="ShouldImplementICache" fullname="Codeo.CQRS.Tests.TestMemoryCache+DefaultCachePolicy.ShouldImplementICache" methodname="ShouldImplementICache" classname="Codeo.CQRS.Tests.TestMemoryCache" runstate="Runnable" seed="676761777" result="Passed" start-time="2019-12-19 13:39:32Z" end-time="2019-12-19 13:39:32Z" duration="0.000061" asserts="0" />
          </test-suite>
          <test-suite type="TestFixture" id="0-1025" name="TestMemoryCache+Dispose" fullname="Codeo.CQRS.Tests.TestMemoryCache+Dispose" classname="Codeo.CQRS.Tests.TestMemoryCache+Dispose" runstate="Runnable" testcasecount="2" result="Passed" start-time="2019-12-19 13:39:32Z" end-time="2019-12-19 13:39:32Z" duration="0.002339" total="2" passed="2" failed="0" warnings="0" inconclusive="0" skipped="0" asserts="0">
            <test-case id="0-1026" name="ShouldDisposeUnderlyingCache" fullname="Codeo.CQRS.Tests.TestMemoryCache+Dispose.ShouldDisposeUnderlyingCache" methodname="ShouldDisposeUnderlyingCache" classname="Codeo.CQRS.Tests.TestMemoryCache+Dispose" runstate="Runnable" seed="681568417" result="Passed" start-time="2019-12-19 13:39:32Z" end-time="2019-12-19 13:39:32Z" duration="0.002198" asserts="0" />
            <test-case id="0-1027" name="ShouldImplementICache" fullname="Codeo.CQRS.Tests.TestMemoryCache+Dispose.ShouldImplementICache" methodname="ShouldImplementICache" classname="Codeo.CQRS.Tests.TestMemoryCache" runstate="Runnable" seed="348740625" result="Passed" start-time="2019-12-19 13:39:32Z" end-time="2019-12-19 13:39:32Z" duration="0.000051" asserts="0" />
          </test-suite>
          <test-suite type="TestFixture" id="0-1033" name="TestMemoryCache+Get" fullname="Codeo.CQRS.Tests.TestMemoryCache+Get" classname="Codeo.CQRS.Tests.TestMemoryCache+Get" runstate="Runnable" testcasecount="1" result="Passed" start-time="2019-12-19 13:39:32Z" end-time="2019-12-19 13:39:32Z" duration="0.000111" total="1" passed="1" failed="0" warnings="0" inconclusive="0" skipped="0" asserts="0">
            <test-case id="0-1034" name="ShouldImplementICache" fullname="Codeo.CQRS.Tests.TestMemoryCache+Get.ShouldImplementICache" methodname="ShouldImplementICache" classname="Codeo.CQRS.Tests.TestMemoryCache" runstate="Runnable" seed="380457899" result="Passed" start-time="2019-12-19 13:39:32Z" end-time="2019-12-19 13:39:32Z" duration="0.000038" asserts="0" />
          </test-suite>
          <test-suite type="TestFixture" id="0-1094" name="TestMemoryCache+Get+Typed" fullname="Codeo.CQRS.Tests.TestMemoryCache+Get+Typed" classname="Codeo.CQRS.Tests.TestMemoryCache+Get+Typed" runstate="Runnable" testcasecount="3" result="Passed" start-time="2019-12-19 13:39:32Z" end-time="2019-12-19 13:39:32Z" duration="0.006213" total="3" passed="3" failed="0" warnings="0" inconclusive="0" skipped="0" asserts="0">
            <test-case id="0-1098" name="ShouldImplementICache" fullname="Codeo.CQRS.Tests.TestMemoryCache+Get+Typed.ShouldImplementICache" methodname="ShouldImplementICache" classname="Codeo.CQRS.Tests.TestMemoryCache" runstate="Runnable" seed="1308059920" result="Passed" start-time="2019-12-19 13:39:32Z" end-time="2019-12-19 13:39:32Z" duration="0.000033" asserts="0" />
            <test-suite type="ParameterizedMethod" id="0-1097" name="ShouldReturnDefaultValueForType" fullname="Codeo.CQRS.Tests.TestMemoryCache+Get+Typed.ShouldReturnDefaultValueForType" classname="Codeo.CQRS.Tests.TestMemoryCache+Get+Typed" runstate="Runnable" testcasecount="2" result="Passed" start-time="2019-12-19 13:39:32Z" end-time="2019-12-19 13:39:32Z" duration="0.006107" total="2" passed="2" failed="0" warnings="0" inconclusive="0" skipped="0" asserts="0">
              <test-case id="0-1095" name="ShouldReturnDefaultValueForType(System.Int32,0)" fullname="Codeo.CQRS.Tests.TestMemoryCache+Get+Typed.ShouldReturnDefaultValueForType(System.Int32,0)" methodname="ShouldReturnDefaultValueForType" classname="Codeo.CQRS.Tests.TestMemoryCache+Get+Typed" runstate="Runnable" seed="1293358745" result="Passed" start-time="2019-12-19 13:39:32Z" end-time="2019-12-19 13:39:32Z" duration="0.005466" asserts="0" />
              <test-case id="0-1096" name="ShouldReturnDefaultValueForType(System.Boolean,False)" fullname="Codeo.CQRS.Tests.TestMemoryCache+Get+Typed.ShouldReturnDefaultValueForType(System.Boolean,False)" methodname="ShouldReturnDefaultValueForType" classname="Codeo.CQRS.Tests.TestMemoryCache+Get+Typed" runstate="Runnable" seed="688928114" result="Passed" start-time="2019-12-19 13:39:32Z" end-time="2019-12-19 13:39:32Z" duration="0.000400" asserts="0" />
            </test-suite>
          </test-suite>
          <test-suite type="TestFixture" id="0-1091" name="TestMemoryCache+Get+Untyped" fullname="Codeo.CQRS.Tests.TestMemoryCache+Get+Untyped" classname="Codeo.CQRS.Tests.TestMemoryCache+Get+Untyped" runstate="Runnable" testcasecount="2" result="Passed" start-time="2019-12-19 13:39:32Z" end-time="2019-12-19 13:39:32Z" duration="0.000984" total="2" passed="2" failed="0" warnings="0" inconclusive="0" skipped="0" asserts="0">
            <test-case id="0-1093" name="ShouldImplementICache" fullname="Codeo.CQRS.Tests.TestMemoryCache+Get+Untyped.ShouldImplementICache" methodname="ShouldImplementICache" classname="Codeo.CQRS.Tests.TestMemoryCache" runstate="Runnable" seed="1475751763" result="Passed" start-time="2019-12-19 13:39:32Z" end-time="2019-12-19 13:39:32Z" duration="0.000049" asserts="0" />
            <test-case id="0-1092" name="ShouldReturnNull" fullname="Codeo.CQRS.Tests.TestMemoryCache+Get+Untyped.ShouldReturnNull" methodname="ShouldReturnNull" classname="Codeo.CQRS.Tests.TestMemoryCache+Get+Untyped" runstate="Runnable" seed="1026009551" result="Passed" start-time="2019-12-19 13:39:32Z" end-time="2019-12-19 13:39:32Z" duration="0.000837" asserts="0" />
          </test-suite>
          <test-suite type="TestFixture" id="0-1035" name="TestMemoryCache+GetOrDefault" fullname="Codeo.CQRS.Tests.TestMemoryCache+GetOrDefault" classname="Codeo.CQRS.Tests.TestMemoryCache+GetOrDefault" runstate="Runnable" testcasecount="2" result="Passed" start-time="2019-12-19 13:39:32Z" end-time="2019-12-19 13:39:32Z" duration="0.000726" total="2" passed="2" failed="0" warnings="0" inconclusive="0" skipped="0" asserts="0">
            <test-case id="0-1036" name="ShouldAlwaysReturnDefaultValue" fullname="Codeo.CQRS.Tests.TestMemoryCache+GetOrDefault.ShouldAlwaysReturnDefaultValue" methodname="ShouldAlwaysReturnDefaultValue" classname="Codeo.CQRS.Tests.TestMemoryCache+GetOrDefault" runstate="Runnable" seed="1796179644" result="Passed" start-time="2019-12-19 13:39:32Z" end-time="2019-12-19 13:39:32Z" duration="0.000581" asserts="0" />
            <test-case id="0-1037" name="ShouldImplementICache" fullname="Codeo.CQRS.Tests.TestMemoryCache+GetOrDefault.ShouldImplementICache" methodname="ShouldImplementICache" classname="Codeo.CQRS.Tests.TestMemoryCache" runstate="Runnable" seed="489599518" result="Passed" start-time="2019-12-19 13:39:32Z" end-time="2019-12-19 13:39:32Z" duration="0.000044" asserts="0" />
          </test-suite>
          <test-suite type="TestFixture" id="0-1038" name="TestMemoryCache+GetOrSet" fullname="Codeo.CQRS.Tests.TestMemoryCache+GetOrSet" classname="Codeo.CQRS.Tests.TestMemoryCache+GetOrSet" runstate="Runnable" testcasecount="1" result="Passed" start-time="2019-12-19 13:39:32Z" end-time="2019-12-19 13:39:32Z" duration="0.000105" total="1" passed="1" failed="0" warnings="0" inconclusive="0" skipped="0" asserts="0">
            <test-case id="0-1039" name="ShouldImplementICache" fullname="Codeo.CQRS.Tests.TestMemoryCache+GetOrSet.ShouldImplementICache" methodname="ShouldImplementICache" classname="Codeo.CQRS.Tests.TestMemoryCache" runstate="Runnable" seed="2000153019" result="Passed" start-time="2019-12-19 13:39:32Z" end-time="2019-12-19 13:39:32Z" duration="0.000036" asserts="0" />
          </test-suite>
          <test-suite type="TestFixture" id="0-1101" name="TestMemoryCache+GetOrSet+AndHaveCachedValue" fullname="Codeo.CQRS.Tests.TestMemoryCache+GetOrSet+AndHaveCachedValue" classname="Codeo.CQRS.Tests.TestMemoryCache+GetOrSet+AndHaveCachedValue" runstate="Runnable" testcasecount="1" result="Passed" start-time="2019-12-19 13:39:32Z" end-time="2019-12-19 13:39:32Z" duration="0.000102" total="1" passed="1" failed="0" warnings="0" inconclusive="0" skipped="0" asserts="0">
            <test-case id="0-1102" name="ShouldImplementICache" fullname="Codeo.CQRS.Tests.TestMemoryCache+GetOrSet+AndHaveCachedValue.ShouldImplementICache" methodname="ShouldImplementICache" classname="Codeo.CQRS.Tests.TestMemoryCache" runstate="Runnable" seed="1221720394" result="Passed" start-time="2019-12-19 13:39:32Z" end-time="2019-12-19 13:39:32Z" duration="0.000037" asserts="0" />
          </test-suite>
          <test-suite type="TestFixture" id="0-1181" name="TestMemoryCache+GetOrSet+AndHaveCachedValue+GivenKey" fullname="Codeo.CQRS.Tests.TestMemoryCache+GetOrSet+AndHaveCachedValue+GivenKey" classname="Codeo.CQRS.Tests.TestMemoryCache+GetOrSet+AndHaveCachedValue+GivenKey" runstate="Runnable" testcasecount="1" result="Passed" start-time="2019-12-19 13:39:32Z" end-time="2019-12-19 13:39:32Z" duration="0.000100" total="1" passed="1" failed="0" warnings="0" inconclusive="0" skipped="0" asserts="0">
            <test-case id="0-1182" name="ShouldImplementICache" fullname="Codeo.CQRS.Tests.TestMemoryCache+GetOrSet+AndHaveCachedValue+GivenKey.ShouldImplementICache" methodname="ShouldImplementICache" classname="Codeo.CQRS.Tests.TestMemoryCache" runstate="Runnable" seed="117853682" result="Passed" start-time="2019-12-19 13:39:32Z" end-time="2019-12-19 13:39:32Z" duration="0.000035" asserts="0" />
          </test-suite>
          <test-suite type="TestFixture" id="0-1226" name="TestMemoryCache+GetOrSet+AndHaveCachedValue+GivenKey+AndGenerator" fullname="Codeo.CQRS.Tests.TestMemoryCache+GetOrSet+AndHaveCachedValue+GivenKey+AndGenerator" classname="Codeo.CQRS.Tests.TestMemoryCache+GetOrSet+AndHaveCachedValue+GivenKey+AndGenerator" runstate="Runnable" testcasecount="2" result="Passed" start-time="2019-12-19 13:39:32Z" end-time="2019-12-19 13:39:32Z" duration="0.012044" total="2" passed="2" failed="0" warnings="0" inconclusive="0" skipped="0" asserts="0">
            <test-case id="0-1227" name="ShouldAlwaysReturnResultOfGenerator" fullname="Codeo.CQRS.Tests.TestMemoryCache+GetOrSet+AndHaveCachedValue+GivenKey+AndGenerator.ShouldAlwaysReturnResultOfGenerator" methodname="ShouldAlwaysReturnResultOfGenerator" classname="Codeo.CQRS.Tests.TestMemoryCache+GetOrSet+AndHaveCachedValue+GivenKey+AndGenerator" runstate="Runnable" seed="1138432281" result="Passed" start-time="2019-12-19 13:39:32Z" end-time="2019-12-19 13:39:32Z" duration="0.011870" asserts="0" />
            <test-case id="0-1228" name="ShouldImplementICache" fullname="Codeo.CQRS.Tests.TestMemoryCache+GetOrSet+AndHaveCachedValue+GivenKey+AndGenerator.ShouldImplementICache" methodname="ShouldImplementICache" classname="Codeo.CQRS.Tests.TestMemoryCache" runstate="Runnable" seed="568951625" result="Passed" start-time="2019-12-19 13:39:32Z" end-time="2019-12-19 13:39:32Z" duration="0.000066" asserts="0" />
          </test-suite>
          <test-suite type="TestFixture" id="0-1244" name="TestMemoryCache+GetOrSet+AndHaveCachedValue+GivenKey+AndGenerator+AndAbsoluteExpiration" fullname="Codeo.CQRS.Tests.TestMemoryCache+GetOrSet+AndHaveCachedValue+GivenKey+AndGenerator+AndAbsoluteExpiration" classname="Codeo.CQRS.Tests.TestMemoryCache+GetOrSet+AndHaveCachedValue+GivenKey+AndGenerator+AndAbsoluteExpiration" runstate="Runnable" testcasecount="2" result="Passed" start-time="2019-12-19 13:39:32Z" end-time="2019-12-19 13:39:32Z" duration="0.004482" total="2" passed="2" failed="0" warnings="0" inconclusive="0" skipped="0" asserts="0">
            <test-case id="0-1245" name="ShouldAlwaysReturnResultOfGenerator" fullname="Codeo.CQRS.Tests.TestMemoryCache+GetOrSet+AndHaveCachedValue+GivenKey+AndGenerator+AndAbsoluteExpiration.ShouldAlwaysReturnResultOfGenerator" methodname="ShouldAlwaysReturnResultOfGenerator" classname="Codeo.CQRS.Tests.TestMemoryCache+GetOrSet+AndHaveCachedValue+GivenKey+AndGenerator+AndAbsoluteExpiration" runstate="Runnable" seed="987672063" result="Passed" start-time="2019-12-19 13:39:32Z" end-time="2019-12-19 13:39:32Z" duration="0.004323" asserts="0" />
            <test-case id="0-1246" name="ShouldImplementICache" fullname="Codeo.CQRS.Tests.TestMemoryCache+GetOrSet+AndHaveCachedValue+GivenKey+AndGenerator+AndAbsoluteExpiration.ShouldImplementICache" methodname="ShouldImplementICache" classname="Codeo.CQRS.Tests.TestMemoryCache" runstate="Runnable" seed="1808466576" result="Passed" start-time="2019-12-19 13:39:32Z" end-time="2019-12-19 13:39:32Z" duration="0.000057" asserts="0" />
          </test-suite>
          <test-suite type="TestFixture" id="0-1241" name="TestMemoryCache+GetOrSet+AndHaveCachedValue+GivenKey+AndGenerator+AndSlidingExpiration" fullname="Codeo.CQRS.Tests.TestMemoryCache+GetOrSet+AndHaveCachedValue+GivenKey+AndGenerator+AndSlidingExpiration" classname="Codeo.CQRS.Tests.TestMemoryCache+GetOrSet+AndHaveCachedValue+GivenKey+AndGenerator+AndSlidingExpiration" runstate="Runnable" testcasecount="2" result="Passed" start-time="2019-12-19 13:39:32Z" end-time="2019-12-19 13:39:33Z" duration="0.319255" total="2" passed="2" failed="0" warnings="0" inconclusive="0" skipped="0" asserts="0">
            <test-case id="0-1242" name="ShouldAlwaysReturnResultOfGenerator" fullname="Codeo.CQRS.Tests.TestMemoryCache+GetOrSet+AndHaveCachedValue+GivenKey+AndGenerator+AndSlidingExpiration.ShouldAlwaysReturnResultOfGenerator" methodname="ShouldAlwaysReturnResultOfGenerator" classname="Codeo.CQRS.Tests.TestMemoryCache+GetOrSet+AndHaveCachedValue+GivenKey+AndGenerator+AndSlidingExpiration" runstate="Runnable" seed="405326419" result="Passed" start-time="2019-12-19 13:39:32Z" end-time="2019-12-19 13:39:33Z" duration="0.319084" asserts="0" />
            <test-case id="0-1243" name="ShouldImplementICache" fullname="Codeo.CQRS.Tests.TestMemoryCache+GetOrSet+AndHaveCachedValue+GivenKey+AndGenerator+AndSlidingExpiration.ShouldImplementICache" methodname="ShouldImplementICache" classname="Codeo.CQRS.Tests.TestMemoryCache" runstate="Runnable" seed="1525030503" result="Passed" start-time="2019-12-19 13:39:33Z" end-time="2019-12-19 13:39:33Z" duration="0.000064" asserts="0" />
          </test-suite>
          <test-suite type="TestFixture" id="0-1099" name="TestMemoryCache+GetOrSet+WhenNoCachedValue" fullname="Codeo.CQRS.Tests.TestMemoryCache+GetOrSet+WhenNoCachedValue" classname="Codeo.CQRS.Tests.TestMemoryCache+GetOrSet+WhenNoCachedValue" runstate="Runnable" testcasecount="1" result="Passed" start-time="2019-12-19 13:39:33Z" end-time="2019-12-19 13:39:33Z" duration="0.000106" total="1" passed="1" failed="0" warnings="0" inconclusive="0" skipped="0" asserts="0">
            <test-case id="0-1100" name="ShouldImplementICache" fullname="Codeo.CQRS.Tests.TestMemoryCache+GetOrSet+WhenNoCachedValue.ShouldImplementICache" methodname="ShouldImplementICache" classname="Codeo.CQRS.Tests.TestMemoryCache" runstate="Runnable" seed="1827322419" result="Passed" start-time="2019-12-19 13:39:33Z" end-time="2019-12-19 13:39:33Z" duration="0.000034" asserts="0" />
          </test-suite>
          <test-suite type="TestFixture" id="0-1179" name="TestMemoryCache+GetOrSet+WhenNoCachedValue+GivenKey" fullname="Codeo.CQRS.Tests.TestMemoryCache+GetOrSet+WhenNoCachedValue+GivenKey" classname="Codeo.CQRS.Tests.TestMemoryCache+GetOrSet+WhenNoCachedValue+GivenKey" runstate="Runnable" testcasecount="1" result="Passed" start-time="2019-12-19 13:39:33Z" end-time="2019-12-19 13:39:33Z" duration="0.000098" total="1" passed="1" failed="0" warnings="0" inconclusive="0" skipped="0" asserts="0">
            <test-case id="0-1180" name="ShouldImplementICache" fullname="Codeo.CQRS.Tests.TestMemoryCache+GetOrSet+WhenNoCachedValue+GivenKey.ShouldImplementICache" methodname="ShouldImplementICache" classname="Codeo.CQRS.Tests.TestMemoryCache" runstate="Runnable" seed="2087981232" result="Passed" start-time="2019-12-19 13:39:33Z" end-time="2019-12-19 13:39:33Z" duration="0.000033" asserts="0" />
          </test-suite>
          <test-suite type="TestFixture" id="0-1223" name="TestMemoryCache+GetOrSet+WhenNoCachedValue+GivenKey+AndGenerator" fullname="Codeo.CQRS.Tests.TestMemoryCache+GetOrSet+WhenNoCachedValue+GivenKey+AndGenerator" classname="Codeo.CQRS.Tests.TestMemoryCache+GetOrSet+WhenNoCachedValue+GivenKey+AndGenerator" runstate="Runnable" testcasecount="2" result="Passed" start-time="2019-12-19 13:39:33Z" end-time="2019-12-19 13:39:33Z" duration="0.001400" total="2" passed="2" failed="0" warnings="0" inconclusive="0" skipped="0" asserts="0">
            <test-case id="0-1224" name="ShouldAlwaysReturnResultOfGenerator" fullname="Codeo.CQRS.Tests.TestMemoryCache+GetOrSet+WhenNoCachedValue+GivenKey+AndGenerator.ShouldAlwaysReturnResultOfGenerator" methodname="ShouldAlwaysReturnResultOfGenerator" classname="Codeo.CQRS.Tests.TestMemoryCache+GetOrSet+WhenNoCachedValue+GivenKey+AndGenerator" runstate="Runnable" seed="53157018" result="Passed" start-time="2019-12-19 13:39:33Z" end-time="2019-12-19 13:39:33Z" duration="0.001267" asserts="0" />
            <test-case id="0-1225" name="ShouldImplementICache" fullname="Codeo.CQRS.Tests.TestMemoryCache+GetOrSet+WhenNoCachedValue+GivenKey+AndGenerator.ShouldImplementICache" methodname="ShouldImplementICache" classname="Codeo.CQRS.Tests.TestMemoryCache" runstate="Runnable" seed="1295437796" result="Passed" start-time="2019-12-19 13:39:33Z" end-time="2019-12-19 13:39:33Z" duration="0.000047" asserts="0" />
          </test-suite>
          <test-suite type="TestFixture" id="0-1238" name="TestMemoryCache+GetOrSet+WhenNoCachedValue+GivenKey+AndGenerator+AndAbsoluteExpiration" fullname="Codeo.CQRS.Tests.TestMemoryCache+GetOrSet+WhenNoCachedValue+GivenKey+AndGenerator+AndAbsoluteExpiration" classname="Codeo.CQRS.Tests.TestMemoryCache+GetOrSet+WhenNoCachedValue+GivenKey+AndGenerator+AndAbsoluteExpiration" runstate="Runnable" testcasecount="2" result="Passed" start-time="2019-12-19 13:39:33Z" end-time="2019-12-19 13:39:33Z" duration="0.091478" total="2" passed="2" failed="0" warnings="0" inconclusive="0" skipped="0" asserts="0">
            <test-case id="0-1239" name="ShouldAlwaysReturnResultOfGenerator" fullname="Codeo.CQRS.Tests.TestMemoryCache+GetOrSet+WhenNoCachedValue+GivenKey+AndGenerator+AndAbsoluteExpiration.ShouldAlwaysReturnResultOfGenerator" methodname="ShouldAlwaysReturnResultOfGenerator" classname="Codeo.CQRS.Tests.TestMemoryCache+GetOrSet+WhenNoCachedValue+GivenKey+AndGenerator+AndAbsoluteExpiration" runstate="Runnable" seed="993946578" result="Passed" start-time="2019-12-19 13:39:33Z" end-time="2019-12-19 13:39:33Z" duration="0.091007" asserts="0" />
            <test-case id="0-1240" name="ShouldImplementICache" fullname="Codeo.CQRS.Tests.TestMemoryCache+GetOrSet+WhenNoCachedValue+GivenKey+AndGenerator+AndAbsoluteExpiration.ShouldImplementICache" methodname="ShouldImplementICache" classname="Codeo.CQRS.Tests.TestMemoryCache" runstate="Runnable" seed="339693455" result="Passed" start-time="2019-12-19 13:39:33Z" end-time="2019-12-19 13:39:33Z" duration="0.000353" asserts="0" />
          </test-suite>
          <test-suite type="TestFixture" id="0-1235" name="TestMemoryCache+GetOrSet+WhenNoCachedValue+GivenKey+AndGenerator+AndSlidingExpiration" fullname="Codeo.CQRS.Tests.TestMemoryCache+GetOrSet+WhenNoCachedValue+GivenKey+AndGenerator+AndSlidingExpiration" classname="Codeo.CQRS.Tests.TestMemoryCache+GetOrSet+WhenNoCachedValue+GivenKey+AndGenerator+AndSlidingExpiration" runstate="Runnable" testcasecount="2" result="Passed" start-time="2019-12-19 13:39:33Z" end-time="2019-12-19 13:39:33Z" duration="0.006701" total="2" passed="2" failed="0" warnings="0" inconclusive="0" skipped="0" asserts="0">
            <test-case id="0-1236" name="ShouldAlwaysReturnResultOfGenerator" fullname="Codeo.CQRS.Tests.TestMemoryCache+GetOrSet+WhenNoCachedValue+GivenKey+AndGenerator+AndSlidingExpiration.ShouldAlwaysReturnResultOfGenerator" methodname="ShouldAlwaysReturnResultOfGenerator" classname="Codeo.CQRS.Tests.TestMemoryCache+GetOrSet+WhenNoCachedValue+GivenKey+AndGenerator+AndSlidingExpiration" runstate="Runnable" seed="341617443" result="Passed" start-time="2019-12-19 13:39:33Z" end-time="2019-12-19 13:39:33Z" duration="0.005040" asserts="0" />
            <test-case id="0-1237" name="ShouldImplementICache" fullname="Codeo.CQRS.Tests.TestMemoryCache+GetOrSet+WhenNoCachedValue+GivenKey+AndGenerator+AndSlidingExpiration.ShouldImplementICache" methodname="ShouldImplementICache" classname="Codeo.CQRS.Tests.TestMemoryCache" runstate="Runnable" seed="1015070531" result="Passed" start-time="2019-12-19 13:39:33Z" end-time="2019-12-19 13:39:33Z" duration="0.000134" asserts="0" />
          </test-suite>
          <test-suite type="TestFixture" id="0-1044" name="TestMemoryCache+IntegrationTests" fullname="Codeo.CQRS.Tests.TestMemoryCache+IntegrationTests" classname="Codeo.CQRS.Tests.TestMemoryCache+IntegrationTests" runstate="Runnable" testcasecount="0" result="Passed" start-time="2019-12-19 13:39:33Z" end-time="2019-12-19 13:39:33Z" duration="0.000012" total="0" passed="0" failed="0" warnings="0" inconclusive="0" skipped="0" asserts="0" />
          <test-suite type="TestFixture" id="0-1117" name="TestMemoryCache+IntegrationTests+AttemptingGetForMismatchedType" fullname="Codeo.CQRS.Tests.TestMemoryCache+IntegrationTests+AttemptingGetForMismatchedType" classname="Codeo.CQRS.Tests.TestMemoryCache+IntegrationTests+AttemptingGetForMismatchedType" runstate="Runnable" testcasecount="2" result="Passed" start-time="2019-12-19 13:39:33Z" end-time="2019-12-19 13:39:33Z" duration="0.030449" total="2" passed="2" failed="0" warnings="0" inconclusive="0" skipped="0" asserts="0">
            <test-case id="0-1118" name="ShouldAttemptConversion" fullname="Codeo.CQRS.Tests.TestMemoryCache+IntegrationTests+AttemptingGetForMismatchedType.ShouldAttemptConversion" methodname="ShouldAttemptConversion" classname="Codeo.CQRS.Tests.TestMemoryCache+IntegrationTests+AttemptingGetForMismatchedType" runstate="Runnable" seed="707970102" result="Passed" start-time="2019-12-19 13:39:33Z" end-time="2019-12-19 13:39:33Z" duration="0.028636" asserts="0" />
            <test-case id="0-1119" name="ShouldReturnDefaultWhenConversionNotPossible" fullname="Codeo.CQRS.Tests.TestMemoryCache+IntegrationTests+AttemptingGetForMismatchedType.ShouldReturnDefaultWhenConversionNotPossible" methodname="ShouldReturnDefaultWhenConversionNotPossible" classname="Codeo.CQRS.Tests.TestMemoryCache+IntegrationTests+AttemptingGetForMismatchedType" runstate="Runnable" seed="952837735" result="Passed" start-time="2019-12-19 13:39:33Z" end-time="2019-12-19 13:39:33Z" duration="0.001293" asserts="0" />
          </test-suite>
          <test-suite type="TestFixture" id="0-1115" name="TestMemoryCache+IntegrationTests+AttemptingToGetNonExistentItem" fullname="Codeo.CQRS.Tests.TestMemoryCache+IntegrationTests+AttemptingToGetNonExistentItem" classname="Codeo.CQRS.Tests.TestMemoryCache+IntegrationTests+AttemptingToGetNonExistentItem" runstate="Runnable" testcasecount="1" result="Passed" start-time="2019-12-19 13:39:33Z" end-time="2019-12-19 13:39:33Z" duration="0.000409" total="1" passed="1" failed="0" warnings="0" inconclusive="0" skipped="0" asserts="0">
            <test-case id="0-1116" name="ShouldReturn" fullname="Codeo.CQRS.Tests.TestMemoryCache+IntegrationTests+AttemptingToGetNonExistentItem.ShouldReturn" methodname="ShouldReturn" classname="Codeo.CQRS.Tests.TestMemoryCache+IntegrationTests+AttemptingToGetNonExistentItem" runstate="Runnable" seed="452438188" result="Passed" start-time="2019-12-19 13:39:33Z" end-time="2019-12-19 13:39:33Z" duration="0.000276" asserts="0" />
          </test-suite>
          <test-suite type="TestFixture" id="0-1120" name="TestMemoryCache+IntegrationTests+EssentiallyTestingMemoryCache" fullname="Codeo.CQRS.Tests.TestMemoryCache+IntegrationTests+EssentiallyTestingMemoryCache" classname="Codeo.CQRS.Tests.TestMemoryCache+IntegrationTests+EssentiallyTestingMemoryCache" runstate="Runnable" testcasecount="0" result="Passed" start-time="2019-12-19 13:39:33Z" end-time="2019-12-19 13:39:33Z" duration="0.000001" total="0" passed="0" failed="0" warnings="0" inconclusive="0" skipped="0" asserts="0" />
          <test-suite type="TestFixture" id="0-1183" name="TestMemoryCache+IntegrationTests+EssentiallyTestingMemoryCache+Expiration" fullname="Codeo.CQRS.Tests.TestMemoryCache+IntegrationTests+EssentiallyTestingMemoryCache+Expiration" classname="Codeo.CQRS.Tests.TestMemoryCache+IntegrationTests+EssentiallyTestingMemoryCache+Expiration" runstate="Runnable" testcasecount="1" result="Passed" start-time="2019-12-19 13:39:33Z" end-time="2019-12-19 13:39:34Z" duration="1.108158" total="1" passed="1" failed="0" warnings="0" inconclusive="0" skipped="0" asserts="0">
            <test-case id="0-1184" name="ShouldReFetchAfterItemHasExpired" fullname="Codeo.CQRS.Tests.TestMemoryCache+IntegrationTests+EssentiallyTestingMemoryCache+Expiration.ShouldReFetchAfterItemHasExpired" methodname="ShouldReFetchAfterItemHasExpired" classname="Codeo.CQRS.Tests.TestMemoryCache+IntegrationTests+EssentiallyTestingMemoryCache+Expiration" runstate="Runnable" seed="1850999557" result="Passed" start-time="2019-12-19 13:39:33Z" end-time="2019-12-19 13:39:34Z" duration="1.108027" asserts="0" />
          </test-suite>
          <test-suite type="TestFixture" id="0-1040" name="TestMemoryCache+Remove" fullname="Codeo.CQRS.Tests.TestMemoryCache+Remove" classname="Codeo.CQRS.Tests.TestMemoryCache+Remove" runstate="Runnable" testcasecount="1" result="Passed" start-time="2019-12-19 13:39:34Z" end-time="2019-12-19 13:39:34Z" duration="0.000142" total="1" passed="1" failed="0" warnings="0" inconclusive="0" skipped="0" asserts="0">
            <test-case id="0-1041" name="ShouldImplementICache" fullname="Codeo.CQRS.Tests.TestMemoryCache+Remove.ShouldImplementICache" methodname="ShouldImplementICache" classname="Codeo.CQRS.Tests.TestMemoryCache" runstate="Runnable" seed="1243137610" result="Passed" start-time="2019-12-19 13:39:34Z" end-time="2019-12-19 13:39:34Z" duration="0.000057" asserts="0" />
          </test-suite>
          <test-suite type="TestFixture" id="0-1106" name="TestMemoryCache+Remove+WhenHaveMatchingKey" fullname="Codeo.CQRS.Tests.TestMemoryCache+Remove+WhenHaveMatchingKey" classname="Codeo.CQRS.Tests.TestMemoryCache+Remove+WhenHaveMatchingKey" runstate="Runnable" testcasecount="2" result="Passed" start-time="2019-12-19 13:39:34Z" end-time="2019-12-19 13:39:34Z" duration="0.001373" total="2" passed="2" failed="0" warnings="0" inconclusive="0" skipped="0" asserts="0">
            <test-case id="0-1108" name="ShouldImplementICache" fullname="Codeo.CQRS.Tests.TestMemoryCache+Remove+WhenHaveMatchingKey.ShouldImplementICache" methodname="ShouldImplementICache" classname="Codeo.CQRS.Tests.TestMemoryCache" runstate="Runnable" seed="1319879429" result="Passed" start-time="2019-12-19 13:39:34Z" end-time="2019-12-19 13:39:34Z" duration="0.000033" asserts="0" />
            <test-case id="0-1107" name="ShouldRemove" fullname="Codeo.CQRS.Tests.TestMemoryCache+Remove+WhenHaveMatchingKey.ShouldRemove" methodname="ShouldRemove" classname="Codeo.CQRS.Tests.TestMemoryCache+Remove+WhenHaveMatchingKey" runstate="Runnable" seed="1523457449" result="Passed" start-time="2019-12-19 13:39:34Z" end-time="2019-12-19 13:39:34Z" duration="0.001262" asserts="0" />
          </test-suite>
          <test-suite type="TestFixture" id="0-1103" name="TestMemoryCache+Remove+WhenNoMatchingKey" fullname="Codeo.CQRS.Tests.TestMemoryCache+Remove+WhenNoMatchingKey" classname="Codeo.CQRS.Tests.TestMemoryCache+Remove+WhenNoMatchingKey" runstate="Runnable" testcasecount="2" result="Passed" start-time="2019-12-19 13:39:34Z" end-time="2019-12-19 13:39:34Z" duration="0.000566" total="2" passed="2" failed="0" warnings="0" inconclusive="0" skipped="0" asserts="0">
            <test-case id="0-1105" name="ShouldImplementICache" fullname="Codeo.CQRS.Tests.TestMemoryCache+Remove+WhenNoMatchingKey.ShouldImplementICache" methodname="ShouldImplementICache" classname="Codeo.CQRS.Tests.TestMemoryCache" runstate="Runnable" seed="1308003774" result="Passed" start-time="2019-12-19 13:39:34Z" end-time="2019-12-19 13:39:34Z" duration="0.000044" asserts="0" />
            <test-case id="0-1104" name="ShouldNotThrow" fullname="Codeo.CQRS.Tests.TestMemoryCache+Remove+WhenNoMatchingKey.ShouldNotThrow" methodname="ShouldNotThrow" classname="Codeo.CQRS.Tests.TestMemoryCache+Remove+WhenNoMatchingKey" runstate="Runnable" seed="1418109939" result="Passed" start-time="2019-12-19 13:39:34Z" end-time="2019-12-19 13:39:34Z" duration="0.000431" asserts="0" />
          </test-suite>
          <test-suite type="TestFixture" id="0-1042" name="TestMemoryCache+RemoveAll" fullname="Codeo.CQRS.Tests.TestMemoryCache+RemoveAll" classname="Codeo.CQRS.Tests.TestMemoryCache+RemoveAll" runstate="Runnable" testcasecount="1" result="Passed" start-time="2019-12-19 13:39:34Z" end-time="2019-12-19 13:39:34Z" duration="0.000107" total="1" passed="1" failed="0" warnings="0" inconclusive="0" skipped="0" asserts="0">
            <test-case id="0-1043" name="ShouldImplementICache" fullname="Codeo.CQRS.Tests.TestMemoryCache+RemoveAll.ShouldImplementICache" methodname="ShouldImplementICache" classname="Codeo.CQRS.Tests.TestMemoryCache" runstate="Runnable" seed="1165628589" result="Passed" start-time="2019-12-19 13:39:34Z" end-time="2019-12-19 13:39:34Z" duration="0.000038" asserts="0" />
          </test-suite>
          <test-suite type="TestFixture" id="0-1109" name="TestMemoryCache+RemoveAll+WhenEmpty" fullname="Codeo.CQRS.Tests.TestMemoryCache+RemoveAll+WhenEmpty" classname="Codeo.CQRS.Tests.TestMemoryCache+RemoveAll+WhenEmpty" runstate="Runnable" testcasecount="2" result="Passed" start-time="2019-12-19 13:39:34Z" end-time="2019-12-19 13:39:34Z" duration="0.001093" total="2" passed="2" failed="0" warnings="0" inconclusive="0" skipped="0" asserts="0">
            <test-case id="0-1111" name="ShouldImplementICache" fullname="Codeo.CQRS.Tests.TestMemoryCache+RemoveAll+WhenEmpty.ShouldImplementICache" methodname="ShouldImplementICache" classname="Codeo.CQRS.Tests.TestMemoryCache" runstate="Runnable" seed="1990411063" result="Passed" start-time="2019-12-19 13:39:34Z" end-time="2019-12-19 13:39:34Z" duration="0.000034" asserts="0" />
            <test-case id="0-1110" name="ShouldNotThrow" fullname="Codeo.CQRS.Tests.TestMemoryCache+RemoveAll+WhenEmpty.ShouldNotThrow" methodname="ShouldNotThrow" classname="Codeo.CQRS.Tests.TestMemoryCache+RemoveAll+WhenEmpty" runstate="Runnable" seed="1734139349" result="Passed" start-time="2019-12-19 13:39:34Z" end-time="2019-12-19 13:39:34Z" duration="0.000981" asserts="0" />
          </test-suite>
          <test-suite type="TestFixture" id="0-1112" name="TestMemoryCache+RemoveAll+WhenHaveCache" fullname="Codeo.CQRS.Tests.TestMemoryCache+RemoveAll+WhenHaveCache" classname="Codeo.CQRS.Tests.TestMemoryCache+RemoveAll+WhenHaveCache" runstate="Runnable" testcasecount="2" result="Passed" start-time="2019-12-19 13:39:34Z" end-time="2019-12-19 13:39:34Z" duration="0.032546" total="2" passed="2" failed="0" warnings="0" inconclusive="0" skipped="0" asserts="0">
            <test-case id="0-1113" name="ShouldClearAll" fullname="Codeo.CQRS.Tests.TestMemoryCache+RemoveAll+WhenHaveCache.ShouldClearAll" methodname="ShouldClearAll" classname="Codeo.CQRS.Tests.TestMemoryCache+RemoveAll+WhenHaveCache" runstate="Runnable" seed="1772104288" result="Passed" start-time="2019-12-19 13:39:34Z" end-time="2019-12-19 13:39:34Z" duration="0.032382" asserts="0" />
            <test-case id="0-1114" name="ShouldImplementICache" fullname="Codeo.CQRS.Tests.TestMemoryCache+RemoveAll+WhenHaveCache.ShouldImplementICache" methodname="ShouldImplementICache" classname="Codeo.CQRS.Tests.TestMemoryCache" runstate="Runnable" seed="2031060838" result="Passed" start-time="2019-12-19 13:39:34Z" end-time="2019-12-19 13:39:34Z" duration="0.000062" asserts="0" />
          </test-suite>
          <test-suite type="TestFixture" id="0-1031" name="TestMemoryCache+Set" fullname="Codeo.CQRS.Tests.TestMemoryCache+Set" classname="Codeo.CQRS.Tests.TestMemoryCache+Set" runstate="Runnable" testcasecount="1" result="Passed" start-time="2019-12-19 13:39:34Z" end-time="2019-12-19 13:39:34Z" duration="0.000118" total="1" passed="1" failed="0" warnings="0" inconclusive="0" skipped="0" asserts="0">
            <test-case id="0-1032" name="ShouldImplementICache" fullname="Codeo.CQRS.Tests.TestMemoryCache+Set.ShouldImplementICache" methodname="ShouldImplementICache" classname="Codeo.CQRS.Tests.TestMemoryCache" runstate="Runnable" seed="1041974758" result="Passed" start-time="2019-12-19 13:39:34Z" end-time="2019-12-19 13:39:34Z" duration="0.000035" asserts="0" />
          </test-suite>
          <test-suite type="TestFixture" id="0-1089" name="TestMemoryCache+Set+GivenKey" fullname="Codeo.CQRS.Tests.TestMemoryCache+Set+GivenKey" classname="Codeo.CQRS.Tests.TestMemoryCache+Set+GivenKey" runstate="Runnable" testcasecount="1" result="Passed" start-time="2019-12-19 13:39:34Z" end-time="2019-12-19 13:39:34Z" duration="0.000166" total="1" passed="1" failed="0" warnings="0" inconclusive="0" skipped="0" asserts="0">
            <test-case id="0-1090" name="ShouldImplementICache" fullname="Codeo.CQRS.Tests.TestMemoryCache+Set+GivenKey.ShouldImplementICache" methodname="ShouldImplementICache" classname="Codeo.CQRS.Tests.TestMemoryCache" runstate="Runnable" seed="1107078286" result="Passed" start-time="2019-12-19 13:39:34Z" end-time="2019-12-19 13:39:34Z" duration="0.000043" asserts="0" />
          </test-suite>
          <test-suite type="TestFixture" id="0-1176" name="TestMemoryCache+Set+GivenKey+AndValue" fullname="Codeo.CQRS.Tests.TestMemoryCache+Set+GivenKey+AndValue" classname="Codeo.CQRS.Tests.TestMemoryCache+Set+GivenKey+AndValue" runstate="Runnable" testcasecount="2" result="Passed" start-time="2019-12-19 13:39:34Z" end-time="2019-12-19 13:39:34Z" duration="0.030193" total="2" passed="2" failed="0" warnings="0" inconclusive="0" skipped="0" asserts="0">
            <test-case id="0-1178" name="ShouldImplementICache" fullname="Codeo.CQRS.Tests.TestMemoryCache+Set+GivenKey+AndValue.ShouldImplementICache" methodname="ShouldImplementICache" classname="Codeo.CQRS.Tests.TestMemoryCache" runstate="Runnable" seed="469171671" result="Passed" start-time="2019-12-19 13:39:34Z" end-time="2019-12-19 13:39:34Z" duration="0.000042" asserts="0" />
            <test-case id="0-1177" name="ShouldSet" fullname="Codeo.CQRS.Tests.TestMemoryCache+Set+GivenKey+AndValue.ShouldSet" methodname="ShouldSet" classname="Codeo.CQRS.Tests.TestMemoryCache+Set+GivenKey+AndValue" runstate="Runnable" seed="592783097" result="Passed" start-time="2019-12-19 13:39:34Z" end-time="2019-12-19 13:39:34Z" duration="0.030020" asserts="0" />
          </test-suite>
          <test-suite type="TestFixture" id="0-1215" name="TestMemoryCache+Set+GivenKey+AndValue+AndAbsoluteExpiration" fullname="Codeo.CQRS.Tests.TestMemoryCache+Set+GivenKey+AndValue+AndAbsoluteExpiration" classname="Codeo.CQRS.Tests.TestMemoryCache+Set+GivenKey+AndValue+AndAbsoluteExpiration" runstate="Runnable" testcasecount="3" result="Passed" start-time="2019-12-19 13:39:34Z" end-time="2019-12-19 13:39:34Z" duration="0.003186" total="3" passed="3" failed="0" warnings="0" inconclusive="0" skipped="0" asserts="0">
            <test-case id="0-1218" name="ShouldImplementICache" fullname="Codeo.CQRS.Tests.TestMemoryCache+Set+GivenKey+AndValue+AndAbsoluteExpiration.ShouldImplementICache" methodname="ShouldImplementICache" classname="Codeo.CQRS.Tests.TestMemoryCache" runstate="Runnable" seed="371416024" result="Passed" start-time="2019-12-19 13:39:34Z" end-time="2019-12-19 13:39:34Z" duration="0.000063" asserts="0" />
            <test-case id="0-1217" name="ShouldSet" fullname="Codeo.CQRS.Tests.TestMemoryCache+Set+GivenKey+AndValue+AndAbsoluteExpiration.ShouldSet" methodname="ShouldSet" classname="Codeo.CQRS.Tests.TestMemoryCache+Set+GivenKey+AndValue" runstate="Runnable" seed="1107625238" result="Passed" start-time="2019-12-19 13:39:34Z" end-time="2019-12-19 13:39:34Z" duration="0.000339" asserts="0" />
            <test-case id="0-1216" name="ShouldSetWithExpiration" fullname="Codeo.CQRS.Tests.TestMemoryCache+Set+GivenKey+AndValue+AndAbsoluteExpiration.ShouldSetWithExpiration" methodname="ShouldSetWithExpiration" classname="Codeo.CQRS.Tests.TestMemoryCache+Set+GivenKey+AndValue+AndAbsoluteExpiration" runstate="Runnable" seed="392639638" result="Passed" start-time="2019-12-19 13:39:34Z" end-time="2019-12-19 13:39:34Z" duration="0.002652" asserts="0" />
          </test-suite>
          <test-suite type="TestFixture" id="0-1219" name="TestMemoryCache+Set+GivenKey+AndValue+AndSlidingExpiration" fullname="Codeo.CQRS.Tests.TestMemoryCache+Set+GivenKey+AndValue+AndSlidingExpiration" classname="Codeo.CQRS.Tests.TestMemoryCache+Set+GivenKey+AndValue+AndSlidingExpiration" runstate="Runnable" testcasecount="3" result="Passed" start-time="2019-12-19 13:39:34Z" end-time="2019-12-19 13:39:34Z" duration="0.006468" total="3" passed="3" failed="0" warnings="0" inconclusive="0" skipped="0" asserts="0">
            <test-case id="0-1222" name="ShouldImplementICache" fullname="Codeo.CQRS.Tests.TestMemoryCache+Set+GivenKey+AndValue+AndSlidingExpiration.ShouldImplementICache" methodname="ShouldImplementICache" classname="Codeo.CQRS.Tests.TestMemoryCache" runstate="Runnable" seed="2142020645" result="Passed" start-time="2019-12-19 13:39:34Z" end-time="2019-12-19 13:39:34Z" duration="0.000076" asserts="0" />
            <test-case id="0-1221" name="ShouldSet" fullname="Codeo.CQRS.Tests.TestMemoryCache+Set+GivenKey+AndValue+AndSlidingExpiration.ShouldSet" methodname="ShouldSet" classname="Codeo.CQRS.Tests.TestMemoryCache+Set+GivenKey+AndValue" runstate="Runnable" seed="1794106777" result="Passed" start-time="2019-12-19 13:39:34Z" end-time="2019-12-19 13:39:34Z" duration="0.000416" asserts="0" />
            <test-case id="0-1220" name="ShouldSetWithExpiration" fullname="Codeo.CQRS.Tests.TestMemoryCache+Set+GivenKey+AndValue+AndSlidingExpiration.ShouldSetWithExpiration" methodname="ShouldSetWithExpiration" classname="Codeo.CQRS.Tests.TestMemoryCache+Set+GivenKey+AndValue+AndSlidingExpiration" runstate="Runnable" seed="1188565345" result="Passed" start-time="2019-12-19 13:39:34Z" end-time="2019-12-19 13:39:34Z" duration="0.005498" asserts="0" />
          </test-suite>
          <test-suite type="TestFixture" id="0-1004" name="TestNoCache" fullname="Codeo.CQRS.Tests.TestNoCache" classname="Codeo.CQRS.Tests.TestNoCache" runstate="Runnable" testcasecount="1" result="Passed" start-time="2019-12-19 13:39:34Z" end-time="2019-12-19 13:39:34Z" duration="0.000346" total="1" passed="1" failed="0" warnings="0" inconclusive="0" skipped="0" asserts="0">
            <test-case id="0-1005" name="ShouldImplementICache" fullname="Codeo.CQRS.Tests.TestNoCache.ShouldImplementICache" methodname="ShouldImplementICache" classname="Codeo.CQRS.Tests.TestNoCache" runstate="Runnable" seed="1804788102" result="Passed" start-time="2019-12-19 13:39:34Z" end-time="2019-12-19 13:39:34Z" duration="0.000189" asserts="0" />
          </test-suite>
          <test-suite type="TestFixture" id="0-1045" name="TestNoCache+ContainsKey" fullname="Codeo.CQRS.Tests.TestNoCache+ContainsKey" classname="Codeo.CQRS.Tests.TestNoCache+ContainsKey" runstate="Runnable" testcasecount="1" result="Passed" start-time="2019-12-19 13:39:34Z" end-time="2019-12-19 13:39:34Z" duration="0.001320" total="1" passed="1" failed="0" warnings="0" inconclusive="0" skipped="0" asserts="0">
            <test-case id="0-1046" name="ShouldAlwaysReturnFalse" fullname="Codeo.CQRS.Tests.TestNoCache+ContainsKey.ShouldAlwaysReturnFalse" methodname="ShouldAlwaysReturnFalse" classname="Codeo.CQRS.Tests.TestNoCache+ContainsKey" runstate="Runnable" seed="1196164617" result="Passed" start-time="2019-12-19 13:39:34Z" end-time="2019-12-19 13:39:34Z" duration="0.001045" asserts="0" />
          </test-suite>
          <test-suite type="TestFixture" id="0-1048" name="TestNoCache+Get" fullname="Codeo.CQRS.Tests.TestNoCache+Get" classname="Codeo.CQRS.Tests.TestNoCache+Get" runstate="Runnable" testcasecount="0" result="Passed" start-time="2019-12-19 13:39:34Z" end-time="2019-12-19 13:39:34Z" duration="0.000001" total="0" passed="0" failed="0" warnings="0" inconclusive="0" skipped="0" asserts="0" />
          <test-suite type="TestFixture" id="0-1128" name="TestNoCache+Get+GetOrDefault" fullname="Codeo.CQRS.Tests.TestNoCache+Get+GetOrDefault" classname="Codeo.CQRS.Tests.TestNoCache+Get+GetOrDefault" runstate="Runnable" testcasecount="1" result="Passed" start-time="2019-12-19 13:39:34Z" end-time="2019-12-19 13:39:34Z" duration="0.000349" total="1" passed="1" failed="0" warnings="0" inconclusive="0" skipped="0" asserts="0">
            <test-case id="0-1129" name="ShouldAlwaysReturnDefaultValue" fullname="Codeo.CQRS.Tests.TestNoCache+Get+GetOrDefault.ShouldAlwaysReturnDefaultValue" methodname="ShouldAlwaysReturnDefaultValue" classname="Codeo.CQRS.Tests.TestNoCache+Get+GetOrDefault" runstate="Runnable" seed="549339579" result="Passed" start-time="2019-12-19 13:39:34Z" end-time="2019-12-19 13:39:34Z" duration="0.000270" asserts="0" />
          </test-suite>
          <test-suite type="TestFixture" id="0-1130" name="TestNoCache+Get+GetOrSet" fullname="Codeo.CQRS.Tests.TestNoCache+Get+GetOrSet" classname="Codeo.CQRS.Tests.TestNoCache+Get+GetOrSet" runstate="Runnable" testcasecount="0" result="Passed" start-time="2019-12-19 13:39:34Z" end-time="2019-12-19 13:39:34Z" duration="0.000001" total="0" passed="0" failed="0" warnings="0" inconclusive="0" skipped="0" asserts="0" />
          <test-suite type="TestFixture" id="0-1187" name="TestNoCache+Get+GetOrSet+GivenKey" fullname="Codeo.CQRS.Tests.TestNoCache+Get+GetOrSet+GivenKey" classname="Codeo.CQRS.Tests.TestNoCache+Get+GetOrSet+GivenKey" runstate="Runnable" testcasecount="0" result="Passed" start-time="2019-12-19 13:39:34Z" end-time="2019-12-19 13:39:34Z" duration="0.000001" total="0" passed="0" failed="0" warnings="0" inconclusive="0" skipped="0" asserts="0" />
          <test-suite type="TestFixture" id="0-1233" name="TestNoCache+Get+GetOrSet+GivenKey+AndGenerator" fullname="Codeo.CQRS.Tests.TestNoCache+Get+GetOrSet+GivenKey+AndGenerator" classname="Codeo.CQRS.Tests.TestNoCache+Get+GetOrSet+GivenKey+AndGenerator" runstate="Runnable" testcasecount="1" result="Passed" start-time="2019-12-19 13:39:34Z" end-time="2019-12-19 13:39:34Z" duration="0.001339" total="1" passed="1" failed="0" warnings="0" inconclusive="0" skipped="0" asserts="0">
            <test-case id="0-1234" name="ShouldAlwaysReturnResultOfGenerator" fullname="Codeo.CQRS.Tests.TestNoCache+Get+GetOrSet+GivenKey+AndGenerator.ShouldAlwaysReturnResultOfGenerator" methodname="ShouldAlwaysReturnResultOfGenerator" classname="Codeo.CQRS.Tests.TestNoCache+Get+GetOrSet+GivenKey+AndGenerator" runstate="Runnable" seed="300856126" result="Passed" start-time="2019-12-19 13:39:34Z" end-time="2019-12-19 13:39:34Z" duration="0.001265" asserts="0" />
          </test-suite>
          <test-suite type="TestFixture" id="0-1249" name="TestNoCache+Get+GetOrSet+GivenKey+AndGenerator+AndAbsoluteExpiration" fullname="Codeo.CQRS.Tests.TestNoCache+Get+GetOrSet+GivenKey+AndGenerator+AndAbsoluteExpiration" classname="Codeo.CQRS.Tests.TestNoCache+Get+GetOrSet+GivenKey+AndGenerator+AndAbsoluteExpiration" runstate="Runnable" testcasecount="1" result="Passed" start-time="2019-12-19 13:39:34Z" end-time="2019-12-19 13:39:34Z" duration="0.000591" total="1" passed="1" failed="0" warnings="0" inconclusive="0" skipped="0" asserts="0">
            <test-case id="0-1250" name="ShouldAlwaysReturnResultOfGenerator" fullname="Codeo.CQRS.Tests.TestNoCache+Get+GetOrSet+GivenKey+AndGenerator+AndAbsoluteExpiration.ShouldAlwaysReturnResultOfGenerator" methodname="ShouldAlwaysReturnResultOfGenerator" classname="Codeo.CQRS.Tests.TestNoCache+Get+GetOrSet+GivenKey+AndGenerator+AndAbsoluteExpiration" runstate="Runnable" seed="346870888" result="Passed" start-time="2019-12-19 13:39:34Z" end-time="2019-12-19 13:39:34Z" duration="0.000514" asserts="0" />
          </test-suite>
          <test-suite type="TestFixture" id="0-1247" name="TestNoCache+Get+GetOrSet+GivenKey+AndGenerator+AndSlidingExpiration" fullname="Codeo.CQRS.Tests.TestNoCache+Get+GetOrSet+GivenKey+AndGenerator+AndSlidingExpiration" classname="Codeo.CQRS.Tests.TestNoCache+Get+GetOrSet+GivenKey+AndGenerator+AndSlidingExpiration" runstate="Runnable" testcasecount="1" result="Passed" start-time="2019-12-19 13:39:34Z" end-time="2019-12-19 13:39:34Z" duration="0.000617" total="1" passed="1" failed="0" warnings="0" inconclusive="0" skipped="0" asserts="0">
            <test-case id="0-1248" name="ShouldAlwaysReturnResultOfGenerator" fullname="Codeo.CQRS.Tests.TestNoCache+Get+GetOrSet+GivenKey+AndGenerator+AndSlidingExpiration.ShouldAlwaysReturnResultOfGenerator" methodname="ShouldAlwaysReturnResultOfGenerator" classname="Codeo.CQRS.Tests.TestNoCache+Get+GetOrSet+GivenKey+AndGenerator+AndSlidingExpiration" runstate="Runnable" seed="1986550468" result="Passed" start-time="2019-12-19 13:39:34Z" end-time="2019-12-19 13:39:34Z" duration="0.000544" asserts="0" />
          </test-suite>
          <test-suite type="TestFixture" id="0-1131" name="TestNoCache+Get+Remove" fullname="Codeo.CQRS.Tests.TestNoCache+Get+Remove" classname="Codeo.CQRS.Tests.TestNoCache+Get+Remove" runstate="Runnable" testcasecount="1" result="Passed" start-time="2019-12-19 13:39:34Z" end-time="2019-12-19 13:39:34Z" duration="0.000484" total="1" passed="1" failed="0" warnings="0" inconclusive="0" skipped="0" asserts="0">
            <test-case id="0-1132" name="ShouldNotThrow" fullname="Codeo.CQRS.Tests.TestNoCache+Get+Remove.ShouldNotThrow" methodname="ShouldNotThrow" classname="Codeo.CQRS.Tests.TestNoCache+Get+Remove" runstate="Runnable" seed="113793909" result="Passed" start-time="2019-12-19 13:39:34Z" end-time="2019-12-19 13:39:34Z" duration="0.000414" asserts="0" />
          </test-suite>
          <test-suite type="TestFixture" id="0-1133" name="TestNoCache+Get+RemoveAll" fullname="Codeo.CQRS.Tests.TestNoCache+Get+RemoveAll" classname="Codeo.CQRS.Tests.TestNoCache+Get+RemoveAll" runstate="Runnable" testcasecount="1" result="Passed" start-time="2019-12-19 13:39:34Z" end-time="2019-12-19 13:39:34Z" duration="0.000333" total="1" passed="1" failed="0" warnings="0" inconclusive="0" skipped="0" asserts="0">
            <test-case id="0-1134" name="ShouldNotThrow" fullname="Codeo.CQRS.Tests.TestNoCache+Get+RemoveAll.ShouldNotThrow" methodname="ShouldNotThrow" classname="Codeo.CQRS.Tests.TestNoCache+Get+RemoveAll" runstate="Runnable" seed="1180763290" result="Passed" start-time="2019-12-19 13:39:34Z" end-time="2019-12-19 13:39:34Z" duration="0.000264" asserts="0" />
          </test-suite>
          <test-suite type="TestFixture" id="0-1124" name="TestNoCache+Get+Typed" fullname="Codeo.CQRS.Tests.TestNoCache+Get+Typed" classname="Codeo.CQRS.Tests.TestNoCache+Get+Typed" runstate="Runnable" testcasecount="2" result="Passed" start-time="2019-12-19 13:39:34Z" end-time="2019-12-19 13:39:34Z" duration="0.000924" total="2" passed="2" failed="0" warnings="0" inconclusive="0" skipped="0" asserts="0">
            <test-suite type="ParameterizedMethod" id="0-1127" name="ShouldReturnDefaultValueForType" fullname="Codeo.CQRS.Tests.TestNoCache+Get+Typed.ShouldReturnDefaultValueForType" classname="Codeo.CQRS.Tests.TestNoCache+Get+Typed" runstate="Runnable" testcasecount="2" result="Passed" start-time="2019-12-19 13:39:34Z" end-time="2019-12-19 13:39:34Z" duration="0.000864" total="2" passed="2" failed="0" warnings="0" inconclusive="0" skipped="0" asserts="0">
              <test-case id="0-1125" name="ShouldReturnDefaultValueForType(System.Int32,0)" fullname="Codeo.CQRS.Tests.TestNoCache+Get+Typed.ShouldReturnDefaultValueForType(System.Int32,0)" methodname="ShouldReturnDefaultValueForType" classname="Codeo.CQRS.Tests.TestNoCache+Get+Typed" runstate="Runnable" seed="594957759" result="Passed" start-time="2019-12-19 13:39:34Z" end-time="2019-12-19 13:39:34Z" duration="0.000692" asserts="0" />
              <test-case id="0-1126" name="ShouldReturnDefaultValueForType(System.Boolean,False)" fullname="Codeo.CQRS.Tests.TestNoCache+Get+Typed.ShouldReturnDefaultValueForType(System.Boolean,False)" methodname="ShouldReturnDefaultValueForType" classname="Codeo.CQRS.Tests.TestNoCache+Get+Typed" runstate="Runnable" seed="151166908" result="Passed" start-time="2019-12-19 13:39:34Z" end-time="2019-12-19 13:39:34Z" duration="0.000136" asserts="0" />
            </test-suite>
          </test-suite>
          <test-suite type="TestFixture" id="0-1122" name="TestNoCache+Get+Untyped" fullname="Codeo.CQRS.Tests.TestNoCache+Get+Untyped" classname="Codeo.CQRS.Tests.TestNoCache+Get+Untyped" runstate="Runnable" testcasecount="1" result="Passed" start-time="2019-12-19 13:39:34Z" end-time="2019-12-19 13:39:34Z" duration="0.000309" total="1" passed="1" failed="0" warnings="0" inconclusive="0" skipped="0" asserts="0">
            <test-case id="0-1123" name="ShouldReturnNull" fullname="Codeo.CQRS.Tests.TestNoCache+Get+Untyped.ShouldReturnNull" methodname="ShouldReturnNull" classname="Codeo.CQRS.Tests.TestNoCache+Get+Untyped" runstate="Runnable" seed="1329496842" result="Passed" start-time="2019-12-19 13:39:34Z" end-time="2019-12-19 13:39:34Z" duration="0.000236" asserts="0" />
          </test-suite>
          <test-suite type="TestFixture" id="0-1047" name="TestNoCache+Set" fullname="Codeo.CQRS.Tests.TestNoCache+Set" classname="Codeo.CQRS.Tests.TestNoCache+Set" runstate="Runnable" testcasecount="0" result="Passed" start-time="2019-12-19 13:39:34Z" end-time="2019-12-19 13:39:34Z" duration="0.000001" total="0" passed="0" failed="0" warnings="0" inconclusive="0" skipped="0" asserts="0" />
          <test-suite type="TestFixture" id="0-1121" name="TestNoCache+Set+GivenKey" fullname="Codeo.CQRS.Tests.TestNoCache+Set+GivenKey" classname="Codeo.CQRS.Tests.TestNoCache+Set+GivenKey" runstate="Runnable" testcasecount="0" result="Passed" start-time="2019-12-19 13:39:34Z" end-time="2019-12-19 13:39:34Z" duration="0.000001" total="0" passed="0" failed="0" warnings="0" inconclusive="0" skipped="0" asserts="0" />
          <test-suite type="TestFixture" id="0-1185" name="TestNoCache+Set+GivenKey+AndValue" fullname="Codeo.CQRS.Tests.TestNoCache+Set+GivenKey+AndValue" classname="Codeo.CQRS.Tests.TestNoCache+Set+GivenKey+AndValue" runstate="Runnable" testcasecount="1" result="Passed" start-time="2019-12-19 13:39:34Z" end-time="2019-12-19 13:39:34Z" duration="0.000554" total="1" passed="1" failed="0" warnings="0" inconclusive="0" skipped="0" asserts="0">
            <test-case id="0-1186" name="ShouldNotThrow" fullname="Codeo.CQRS.Tests.TestNoCache+Set+GivenKey+AndValue.ShouldNotThrow" methodname="ShouldNotThrow" classname="Codeo.CQRS.Tests.TestNoCache+Set+GivenKey+AndValue" runstate="Runnable" seed="1444706084" result="Passed" start-time="2019-12-19 13:39:34Z" end-time="2019-12-19 13:39:34Z" duration="0.000474" asserts="0" />
          </test-suite>
          <test-suite type="TestFixture" id="0-1229" name="TestNoCache+Set+GivenKey+AndValue+AndAbsoluteExpiration" fullname="Codeo.CQRS.Tests.TestNoCache+Set+GivenKey+AndValue+AndAbsoluteExpiration" classname="Codeo.CQRS.Tests.TestNoCache+Set+GivenKey+AndValue+AndAbsoluteExpiration" runstate="Runnable" testcasecount="1" result="Passed" start-time="2019-12-19 13:39:34Z" end-time="2019-12-19 13:39:34Z" duration="0.000530" total="1" passed="1" failed="0" warnings="0" inconclusive="0" skipped="0" asserts="0">
            <test-case id="0-1230" name="ShouldNotThrow" fullname="Codeo.CQRS.Tests.TestNoCache+Set+GivenKey+AndValue+AndAbsoluteExpiration.ShouldNotThrow" methodname="ShouldNotThrow" classname="Codeo.CQRS.Tests.TestNoCache+Set+GivenKey+AndValue+AndAbsoluteExpiration" runstate="Runnable" seed="1222531244" result="Passed" start-time="2019-12-19 13:39:34Z" end-time="2019-12-19 13:39:34Z" duration="0.000458" asserts="0" />
          </test-suite>
          <test-suite type="TestFixture" id="0-1231" name="TestNoCache+Set+GivenKey+AndValue+AndSlidingExpiration" fullname="Codeo.CQRS.Tests.TestNoCache+Set+GivenKey+AndValue+AndSlidingExpiration" classname="Codeo.CQRS.Tests.TestNoCache+Set+GivenKey+AndValue+AndSlidingExpiration" runstate="Runnable" testcasecount="1" result="Passed" start-time="2019-12-19 13:39:34Z" end-time="2019-12-19 13:39:34Z" duration="0.001166" total="1" passed="1" failed="0" warnings="0" inconclusive="0" skipped="0" asserts="0">
            <test-case id="0-1232" name="ShouldNotThrow" fullname="Codeo.CQRS.Tests.TestNoCache+Set+GivenKey+AndValue+AndSlidingExpiration.ShouldNotThrow" methodname="ShouldNotThrow" classname="Codeo.CQRS.Tests.TestNoCache+Set+GivenKey+AndValue+AndSlidingExpiration" runstate="Runnable" seed="957910613" result="Passed" start-time="2019-12-19 13:39:34Z" end-time="2019-12-19 13:39:34Z" duration="0.001080" asserts="0" />
          </test-suite>
          <test-suite type="TestFixture" id="0-1006" name="TestQueryExecution" fullname="Codeo.CQRS.Tests.TestQueryExecution" classname="Codeo.CQRS.Tests.TestQueryExecution" runstate="Runnable" testcasecount="6" result="Passed" start-time="2019-12-19 13:39:34Z" end-time="2019-12-19 13:39:34Z" duration="0.176794" total="6" passed="6" failed="0" warnings="0" inconclusive="0" skipped="0" asserts="0">
            <test-case id="0-1008" name="ShouldBeAbleToInsertAndReadASingleResult" fullname="Codeo.CQRS.Tests.TestQueryExecution.ShouldBeAbleToInsertAndReadASingleResult" methodname="ShouldBeAbleToInsertAndReadASingleResult" classname="Codeo.CQRS.Tests.TestQueryExecution" runstate="Runnable" seed="2113094312" result="Passed" start-time="2019-12-19 13:39:34Z" end-time="2019-12-19 13:39:34Z" duration="0.132795" asserts="0" />
            <test-case id="0-1009" name="ShouldBeAbleToInsertWithNoResult" fullname="Codeo.CQRS.Tests.TestQueryExecution.ShouldBeAbleToInsertWithNoResult" methodname="ShouldBeAbleToInsertWithNoResult" classname="Codeo.CQRS.Tests.TestQueryExecution" runstate="Runnable" seed="2133068867" result="Passed" start-time="2019-12-19 13:39:34Z" end-time="2019-12-19 13:39:34Z" duration="0.005614" asserts="0" />
            <test-case id="0-1012" name="ShouldBeAbleToReadManyResultsOfNonEntity" fullname="Codeo.CQRS.Tests.TestQueryExecution.ShouldBeAbleToReadManyResultsOfNonEntity" methodname="ShouldBeAbleToReadManyResultsOfNonEntity" classname="Codeo.CQRS.Tests.TestQueryExecution" runstate="Runnable" seed="88795192" result="Passed" start-time="2019-12-19 13:39:34Z" end-time="2019-12-19 13:39:34Z" duration="0.023228" asserts="0" />
            <test-case id="0-1010" name="ShouldBeAbleToReadMultipleResults" fullname="Codeo.CQRS.Tests.TestQueryExecution.ShouldBeAbleToReadMultipleResults" methodname="ShouldBeAbleToReadMultipleResults" classname="Codeo.CQRS.Tests.TestQueryExecution" runstate="Runnable" seed="729270311" result="Passed" start-time="2019-12-19 13:39:34Z" end-time="2019-12-19 13:39:34Z" duration="0.009871" asserts="0" />
            <test-case id="0-1007" name="ShouldBeAbleToReadSingleResult" fullname="Codeo.CQRS.Tests.TestQueryExecution.ShouldBeAbleToReadSingleResult" methodname="ShouldBeAbleToReadSingleResult" classname="Codeo.CQRS.Tests.TestQueryExecution" runstate="Runnable" seed="1138079884" result="Passed" start-time="2019-12-19 13:39:34Z" end-time="2019-12-19 13:39:34Z" duration="0.002462" asserts="0" />
            <test-case id="0-1011" name="ShouldBeAbleToReadSingleResultOfNonEntity" fullname="Codeo.CQRS.Tests.TestQueryExecution.ShouldBeAbleToReadSingleResultOfNonEntity" methodname="ShouldBeAbleToReadSingleResultOfNonEntity" classname="Codeo.CQRS.Tests.TestQueryExecution" runstate="Runnable" seed="1776813298" result="Passed" start-time="2019-12-19 13:39:34Z" end-time="2019-12-19 13:39:34Z" duration="0.002338" asserts="0" />
          </test-suite>
          <test-suite type="TestFixture" id="0-1049" name="TestQueryExecution+SingleResultFailures" fullname="Codeo.CQRS.Tests.TestQueryExecution+SingleResultFailures" classname="Codeo.CQRS.Tests.TestQueryExecution+SingleResultFailures" runstate="Runnable" testcasecount="6" result="Passed" start-time="2019-12-19 13:39:34Z" end-time="2019-12-19 13:39:34Z" duration="0.010409" total="6" passed="6" failed="0" warnings="0" inconclusive="0" skipped="0" asserts="0">
            <test-case id="0-1051" name="ShouldBeAbleToInsertAndReadASingleResult" fullname="Codeo.CQRS.Tests.TestQueryExecution+SingleResultFailures.ShouldBeAbleToInsertAndReadASingleResult" methodname="ShouldBeAbleToInsertAndReadASingleResult" classname="Codeo.CQRS.Tests.TestQueryExecution" runstate="Runnable" seed="1886474549" result="Passed" start-time="2019-12-19 13:39:34Z" end-time="2019-12-19 13:39:34Z" duration="0.003456" asserts="0" />
            <test-case id="0-1052" name="ShouldBeAbleToInsertWithNoResult" fullname="Codeo.CQRS.Tests.TestQueryExecution+SingleResultFailures.ShouldBeAbleToInsertWithNoResult" methodname="ShouldBeAbleToInsertWithNoResult" classname="Codeo.CQRS.Tests.TestQueryExecution" runstate="Runnable" seed="2131381198" result="Passed" start-time="2019-12-19 13:39:34Z" end-time="2019-12-19 13:39:34Z" duration="0.001833" asserts="0" />
            <test-case id="0-1055" name="ShouldBeAbleToReadManyResultsOfNonEntity" fullname="Codeo.CQRS.Tests.TestQueryExecution+SingleResultFailures.ShouldBeAbleToReadManyResultsOfNonEntity" methodname="ShouldBeAbleToReadManyResultsOfNonEntity" classname="Codeo.CQRS.Tests.TestQueryExecution" runstate="Runnable" seed="998282505" result="Passed" start-time="2019-12-19 13:39:34Z" end-time="2019-12-19 13:39:34Z" duration="0.001267" asserts="0" />
            <test-case id="0-1053" name="ShouldBeAbleToReadMultipleResults" fullname="Codeo.CQRS.Tests.TestQueryExecution+SingleResultFailures.ShouldBeAbleToReadMultipleResults" methodname="ShouldBeAbleToReadMultipleResults" classname="Codeo.CQRS.Tests.TestQueryExecution" runstate="Runnable" seed="1451064464" result="Passed" start-time="2019-12-19 13:39:34Z" end-time="2019-12-19 13:39:34Z" duration="0.002757" asserts="0" />
            <test-case id="0-1050" name="ShouldBeAbleToReadSingleResult" fullname="Codeo.CQRS.Tests.TestQueryExecution+SingleResultFailures.ShouldBeAbleToReadSingleResult" methodname="ShouldBeAbleToReadSingleResult" classname="Codeo.CQRS.Tests.TestQueryExecution" runstate="Runnable" seed="1096643401" result="Passed" start-time="2019-12-19 13:39:34Z" end-time="2019-12-19 13:39:34Z" duration="0.000418" asserts="0" />
            <test-case id="0-1054" name="ShouldBeAbleToReadSingleResultOfNonEntity" fullname="Codeo.CQRS.Tests.TestQueryExecution+SingleResultFailures.ShouldBeAbleToReadSingleResultOfNonEntity" methodname="ShouldBeAbleToReadSingleResultOfNonEntity" classname="Codeo.CQRS.Tests.TestQueryExecution" runstate="Runnable" seed="1908909103" result="Passed" start-time="2019-12-19 13:39:34Z" end-time="2019-12-19 13:39:34Z" duration="0.000442" asserts="0" />
          </test-suite>
          <test-suite type="TestFixture" id="0-1143" name="TestQueryExecution+SingleResultFailures+WhenDebugMessagesDisabled" fullname="Codeo.CQRS.Tests.TestQueryExecution+SingleResultFailures+WhenDebugMessagesDisabled" classname="Codeo.CQRS.Tests.TestQueryExecution+SingleResultFailures+WhenDebugMessagesDisabled" runstate="Runnable" testcasecount="7" result="Passed" start-time="2019-12-19 13:39:34Z" end-time="2019-12-19 13:39:34Z" duration="0.109569" total="7" passed="7" failed="0" warnings="0" inconclusive="0" skipped="0" asserts="0">
            <test-case id="0-1146" name="ShouldBeAbleToInsertAndReadASingleResult" fullname="Codeo.CQRS.Tests.TestQueryExecution+SingleResultFailures+WhenDebugMessagesDisabled.ShouldBeAbleToInsertAndReadASingleResult" methodname="ShouldBeAbleToInsertAndReadASingleResult" classname="Codeo.CQRS.Tests.TestQueryExecution" runstate="Runnable" seed="1521489507" result="Passed" start-time="2019-12-19 13:39:34Z" end-time="2019-12-19 13:39:34Z" duration="0.003059" asserts="0" />
            <test-case id="0-1147" name="ShouldBeAbleToInsertWithNoResult" fullname="Codeo.CQRS.Tests.TestQueryExecution+SingleResultFailures+WhenDebugMessagesDisabled.ShouldBeAbleToInsertWithNoResult" methodname="ShouldBeAbleToInsertWithNoResult" classname="Codeo.CQRS.Tests.TestQueryExecution" runstate="Runnable" seed="302916952" result="Passed" start-time="2019-12-19 13:39:34Z" end-time="2019-12-19 13:39:34Z" duration="0.002293" asserts="0" />
            <test-case id="0-1150" name="ShouldBeAbleToReadManyResultsOfNonEntity" fullname="Codeo.CQRS.Tests.TestQueryExecution+SingleResultFailures+WhenDebugMessagesDisabled.ShouldBeAbleToReadManyResultsOfNonEntity" methodname="ShouldBeAbleToReadManyResultsOfNonEntity" classname="Codeo.CQRS.Tests.TestQueryExecution" runstate="Runnable" seed="468819129" result="Passed" start-time="2019-12-19 13:39:34Z" end-time="2019-12-19 13:39:34Z" duration="0.000666" asserts="0" />
            <test-case id="0-1148" name="ShouldBeAbleToReadMultipleResults" fullname="Codeo.CQRS.Tests.TestQueryExecution+SingleResultFailures+WhenDebugMessagesDisabled.ShouldBeAbleToReadMultipleResults" methodname="ShouldBeAbleToReadMultipleResults" classname="Codeo.CQRS.Tests.TestQueryExecution" runstate="Runnable" seed="480065769" result="Passed" start-time="2019-12-19 13:39:34Z" end-time="2019-12-19 13:39:34Z" duration="0.003682" asserts="0" />
            <test-case id="0-1145" name="ShouldBeAbleToReadSingleResult" fullname="Codeo.CQRS.Tests.TestQueryExecution+SingleResultFailures+WhenDebugMessagesDisabled.ShouldBeAbleToReadSingleResult" methodname="ShouldBeAbleToReadSingleResult" classname="Codeo.CQRS.Tests.TestQueryExecution" runstate="Runnable" seed="2016448370" result="Passed" start-time="2019-12-19 13:39:34Z" end-time="2019-12-19 13:39:34Z" duration="0.000522" asserts="0" />
            <test-case id="0-1149" name="ShouldBeAbleToReadSingleResultOfNonEntity" fullname="Codeo.CQRS.Tests.TestQueryExecution+SingleResultFailures+WhenDebugMessagesDisabled.ShouldBeAbleToReadSingleResultOfNonEntity" methodname="ShouldBeAbleToReadSingleResultOfNonEntity" classname="Codeo.CQRS.Tests.TestQueryExecution" runstate="Runnable" seed="671500441" result="Passed" start-time="2019-12-19 13:39:34Z" end-time="2019-12-19 13:39:34Z" duration="0.000441" asserts="0" />
            <test-case id="0-1144" name="ShouldGiveGenericMessage" fullname="Codeo.CQRS.Tests.TestQueryExecution+SingleResultFailures+WhenDebugMessagesDisabled.ShouldGiveGenericMessage" methodname="ShouldGiveGenericMessage" classname="Codeo.CQRS.Tests.TestQueryExecution+SingleResultFailures+WhenDebugMessagesDisabled" runstate="Runnable" seed="1630911816" result="Passed" start-time="2019-12-19 13:39:34Z" end-time="2019-12-19 13:39:34Z" duration="0.098646" asserts="0" />
          </test-suite>
          <test-suite type="TestFixture" id="0-1135" name="TestQueryExecution+SingleResultFailures+WhenDebugMessagesEnabled" fullname="Codeo.CQRS.Tests.TestQueryExecution+SingleResultFailures+WhenDebugMessagesEnabled" classname="Codeo.CQRS.Tests.TestQueryExecution+SingleResultFailures+WhenDebugMessagesEnabled" runstate="Runnable" testcasecount="7" result="Passed" start-time="2019-12-19 13:39:34Z" end-time="2019-12-19 13:39:34Z" duration="0.145947" total="7" passed="7" failed="0" warnings="0" inconclusive="0" skipped="0" asserts="0">
            <test-case id="0-1138" name="ShouldBeAbleToInsertAndReadASingleResult" fullname="Codeo.CQRS.Tests.TestQueryExecution+SingleResultFailures+WhenDebugMessagesEnabled.ShouldBeAbleToInsertAndReadASingleResult" methodname="ShouldBeAbleToInsertAndReadASingleResult" classname="Codeo.CQRS.Tests.TestQueryExecution" runstate="Runnable" seed="1241943325" result="Passed" start-time="2019-12-19 13:39:34Z" end-time="2019-12-19 13:39:34Z" duration="0.002858" asserts="0" />
            <test-case id="0-1139" name="ShouldBeAbleToInsertWithNoResult" fullname="Codeo.CQRS.Tests.TestQueryExecution+SingleResultFailures+WhenDebugMessagesEnabled.ShouldBeAbleToInsertWithNoResult" methodname="ShouldBeAbleToInsertWithNoResult" classname="Codeo.CQRS.Tests.TestQueryExecution" runstate="Runnable" seed="1709227233" result="Passed" start-time="2019-12-19 13:39:34Z" end-time="2019-12-19 13:39:34Z" duration="0.001965" asserts="0" />
            <test-case id="0-1142" name="ShouldBeAbleToReadManyResultsOfNonEntity" fullname="Codeo.CQRS.Tests.TestQueryExecution+SingleResultFailures+WhenDebugMessagesEnabled.ShouldBeAbleToReadManyResultsOfNonEntity" methodname="ShouldBeAbleToReadManyResultsOfNonEntity" classname="Codeo.CQRS.Tests.TestQueryExecution" runstate="Runnable" seed="848214978" result="Passed" start-time="2019-12-19 13:39:34Z" end-time="2019-12-19 13:39:34Z" duration="0.000431" asserts="0" />
            <test-case id="0-1140" name="ShouldBeAbleToReadMultipleResults" fullname="Codeo.CQRS.Tests.TestQueryExecution+SingleResultFailures+WhenDebugMessagesEnabled.ShouldBeAbleToReadMultipleResults" methodname="ShouldBeAbleToReadMultipleResults" classname="Codeo.CQRS.Tests.TestQueryExecution" runstate="Runnable" seed="1919647698" result="Passed" start-time="2019-12-19 13:39:34Z" end-time="2019-12-19 13:39:34Z" duration="0.003023" asserts="0" />
            <test-case id="0-1137" name="ShouldBeAbleToReadSingleResult" fullname="Codeo.CQRS.Tests.TestQueryExecution+SingleResultFailures+WhenDebugMessagesEnabled.ShouldBeAbleToReadSingleResult" methodname="ShouldBeAbleToReadSingleResult" classname="Codeo.CQRS.Tests.TestQueryExecution" runstate="Runnable" seed="861454516" result="Passed" start-time="2019-12-19 13:39:34Z" end-time="2019-12-19 13:39:34Z" duration="0.000811" asserts="0" />
            <test-case id="0-1141" name="ShouldBeAbleToReadSingleResultOfNonEntity" fullname="Codeo.CQRS.Tests.TestQueryExecution+SingleResultFailures+WhenDebugMessagesEnabled.ShouldBeAbleToReadSingleResultOfNonEntity" methodname="ShouldBeAbleToReadSingleResultOfNonEntity" classname="Codeo.CQRS.Tests.TestQueryExecution" runstate="Runnable" seed="1778024400" result="Passed" start-time="2019-12-19 13:39:34Z" end-time="2019-12-19 13:39:34Z" duration="0.000634" asserts="0" />
            <test-case id="0-1136" name="ShouldGiveDetailedMessage" fullname="Codeo.CQRS.Tests.TestQueryExecution+SingleResultFailures+WhenDebugMessagesEnabled.ShouldGiveDetailedMessage" methodname="ShouldGiveDetailedMessage" classname="Codeo.CQRS.Tests.TestQueryExecution+SingleResultFailures+WhenDebugMessagesEnabled" runstate="Runnable" seed="2041768875" result="Passed" start-time="2019-12-19 13:39:34Z" end-time="2019-12-19 13:39:34Z" duration="0.135954" asserts="0" />
          </test-suite>
          <test-suite type="TestFixture" id="0-1082" name="TestQueryExecution+TestCachingByAttribute" fullname="Codeo.CQRS.Tests.TestQueryExecution+TestCachingByAttribute" classname="Codeo.CQRS.Tests.TestQueryExecution+TestCachingByAttribute" runstate="Runnable" testcasecount="6" result="Passed" start-time="2019-12-19 13:39:34Z" end-time="2019-12-19 13:39:34Z" duration="0.016231" total="6" passed="6" failed="0" warnings="0" inconclusive="0" skipped="0" asserts="0">
            <test-case id="0-1084" name="ShouldBeAbleToInsertAndReadASingleResult" fullname="Codeo.CQRS.Tests.TestQueryExecution+TestCachingByAttribute.ShouldBeAbleToInsertAndReadASingleResult" methodname="ShouldBeAbleToInsertAndReadASingleResult" classname="Codeo.CQRS.Tests.TestQueryExecution" runstate="Runnable" seed="789804189" result="Passed" start-time="2019-12-19 13:39:34Z" end-time="2019-12-19 13:39:34Z" duration="0.003663" asserts="0" />
            <test-case id="0-1085" name="ShouldBeAbleToInsertWithNoResult" fullname="Codeo.CQRS.Tests.TestQueryExecution+TestCachingByAttribute.ShouldBeAbleToInsertWithNoResult" methodname="ShouldBeAbleToInsertWithNoResult" classname="Codeo.CQRS.Tests.TestQueryExecution" runstate="Runnable" seed="214598784" result="Passed" start-time="2019-12-19 13:39:34Z" end-time="2019-12-19 13:39:34Z" duration="0.002642" asserts="0" />
            <test-case id="0-1088" name="ShouldBeAbleToReadManyResultsOfNonEntity" fullname="Codeo.CQRS.Tests.TestQueryExecution+TestCachingByAttribute.ShouldBeAbleToReadManyResultsOfNonEntity" methodname="ShouldBeAbleToReadManyResultsOfNonEntity" classname="Codeo.CQRS.Tests.TestQueryExecution" runstate="Runnable" seed="149305006" result="Passed" start-time="2019-12-19 13:39:34Z" end-time="2019-12-19 13:39:34Z" duration="0.000761" asserts="0" />
[...]
            <test-case id="0-1210" name="ShouldBeAbleToInsertAndReadASingleResult" fullname="Codeo.CQRS.Tests.TestQueryExecution+TestCachingByAttribute+ShouldNeverUseOnTransformQueries+WhenIsUpdate.ShouldBeAbleToInsertAndReadASingleResult" methodname="ShouldBeAbleToInsertAndReadASingleResult" classname="Codeo.CQRS.Tests.TestQueryExecution" runstate="Runnable" seed="1630149570" result="Passed" start-time="2019-12-19 13:39:36Z" end-time="2019-12-19 13:39:36Z" duration="0.003198" asserts="0" />
            <test-case id="0-1211" name="ShouldBeAbleToInsertWithNoResult" fullname="Codeo.CQRS.Tests.TestQueryExecution+TestCachingByAttribute+ShouldNeverUseOnTransformQueries+WhenIsUpdate.ShouldBeAbleToInsertWithNoResult" methodname="ShouldBeAbleToInsertWithNoResult" classname="Codeo.CQRS.Tests.TestQueryExecution" runstate="Runnable" seed="1419889606" result="Passed" start-time="2019-12-19 13:39:36Z" end-time="2019-12-19 13:39:36Z" duration="0.002004" asserts="0" />
            <test-case id="0-1214" name="ShouldBeAbleToReadManyResultsOfNonEntity" fullname="Codeo.CQRS.Tests.TestQueryExecution+TestCachingByAttribute+ShouldNeverUseOnTransformQueries+WhenIsUpdate.ShouldBeAbleToReadManyResultsOfNonEntity" methodname="ShouldBeAbleToReadManyResultsOfNonEntity" classname="Codeo.CQRS.Tests.TestQueryExecution" runstate="Runnable" seed="1984221321" result="Passed" start-time="2019-12-19 13:39:36Z" end-time="2019-12-19 13:39:36Z" duration="0.000453" asserts="0" />
            <test-case id="0-1212" name="ShouldBeAbleToReadMultipleResults" fullname="Codeo.CQRS.Tests.TestQueryExecution+TestCachingByAttribute+ShouldNeverUseOnTransformQueries+WhenIsUpdate.ShouldBeAbleToReadMultipleResults" methodname="ShouldBeAbleToReadMultipleResults" classname="Codeo.CQRS.Tests.TestQueryExecution" runstate="Runnable" seed="783692098" result="Passed" start-time="2019-12-19 13:39:36Z" end-time="2019-12-19 13:39:36Z" duration="0.005740" asserts="0" />
            <test-case id="0-1209" name="ShouldBeAbleToReadSingleResult" fullname="Codeo.CQRS.Tests.TestQueryExecution+TestCachingByAttribute+ShouldNeverUseOnTransformQueries+WhenIsUpdate.ShouldBeAbleToReadSingleResult" methodname="ShouldBeAbleToReadSingleResult" classname="Codeo.CQRS.Tests.TestQueryExecution" runstate="Runnable" seed="885106503" result="Passed" start-time="2019-12-19 13:39:36Z" end-time="2019-12-19 13:39:36Z" duration="0.000835" asserts="0" />
            <test-case id="0-1213" name="ShouldBeAbleToReadSingleResultOfNonEntity" fullname="Codeo.CQRS.Tests.TestQueryExecution+TestCachingByAttribute+ShouldNeverUseOnTransformQueries+WhenIsUpdate.ShouldBeAbleToReadSingleResultOfNonEntity" methodname="ShouldBeAbleToReadSingleResultOfNonEntity" classname="Codeo.CQRS.Tests.TestQueryExecution" runstate="Runnable" seed="1719256836" result="Passed" start-time="2019-12-19 13:39:36Z" end-time="2019-12-19 13:39:36Z" duration="0.000749" asserts="0" />
            <test-case id="0-1207" name="ShouldNotUse" fullname="Codeo.CQRS.Tests.TestQueryExecution+TestCachingByAttribute+ShouldNeverUseOnTransformQueries+WhenIsUpdate.ShouldNotUse" methodname="ShouldNotUse" classname="Codeo.CQRS.Tests.TestQueryExecution+TestCachingByAttribute+ShouldNeverUseOnTransformQueries+WhenIsUpdate" runstate="Runnable" seed="993577400" result="Passed" start-time="2019-12-19 13:39:36Z" end-time="2019-12-19 13:39:36Z" duration="0.005924" asserts="0" />
            <test-case id="0-1208" name="ShouldNotUseOnResults" fullname="Codeo.CQRS.Tests.TestQueryExecution+TestCachingByAttribute+ShouldNeverUseOnTransformQueries+WhenIsUpdate.ShouldNotUseOnResults" methodname="ShouldNotUseOnResults" classname="Codeo.CQRS.Tests.TestQueryExecution+TestCachingByAttribute+ShouldNeverUseOnTransformQueries+WhenIsUpdate" runstate="Runnable" seed="124300987" result="Passed" start-time="2019-12-19 13:39:36Z" end-time="2019-12-19 13:39:36Z" duration="0.008758" asserts="0" />
          </test-suite>
          <test-suite type="TestFixture" id="0-1151" name="TestQueryExecution+TestCachingByAttribute+WhenNotDecorated" fullname="Codeo.CQRS.Tests.TestQueryExecution+TestCachingByAttribute+WhenNotDecorated" classname="Codeo.CQRS.Tests.TestQueryExecution+TestCachingByAttribute+WhenNotDecorated" runstate="Runnable" testcasecount="7" result="Passed" start-time="2019-12-19 13:39:36Z" end-time="2019-12-19 13:39:36Z" duration="0.021186" total="7" passed="7" failed="0" warnings="0" inconclusive="0" skipped="0" asserts="0">
            <test-case id="0-1154" name="ShouldBeAbleToInsertAndReadASingleResult" fullname="Codeo.CQRS.Tests.TestQueryExecution+TestCachingByAttribute+WhenNotDecorated.ShouldBeAbleToInsertAndReadASingleResult" methodname="ShouldBeAbleToInsertAndReadASingleResult" classname="Codeo.CQRS.Tests.TestQueryExecution" runstate="Runnable" seed="532091540" result="Passed" start-time="2019-12-19 13:39:36Z" end-time="2019-12-19 13:39:36Z" duration="0.004027" asserts="0" />
            <test-case id="0-1155" name="ShouldBeAbleToInsertWithNoResult" fullname="Codeo.CQRS.Tests.TestQueryExecution+TestCachingByAttribute+WhenNotDecorated.ShouldBeAbleToInsertWithNoResult" methodname="ShouldBeAbleToInsertWithNoResult" classname="Codeo.CQRS.Tests.TestQueryExecution" runstate="Runnable" seed="172433036" result="Passed" start-time="2019-12-19 13:39:36Z" end-time="2019-12-19 13:39:36Z" duration="0.002362" asserts="0" />
            <test-case id="0-1158" name="ShouldBeAbleToReadManyResultsOfNonEntity" fullname="Codeo.CQRS.Tests.TestQueryExecution+TestCachingByAttribute+WhenNotDecorated.ShouldBeAbleToReadManyResultsOfNonEntity" methodname="ShouldBeAbleToReadManyResultsOfNonEntity" classname="Codeo.CQRS.Tests.TestQueryExecution" runstate="Runnable" seed="632695568" result="Passed" start-time="2019-12-19 13:39:36Z" end-time="2019-12-19 13:39:36Z" duration="0.000484" asserts="0" />
            <test-case id="0-1156" name="ShouldBeAbleToReadMultipleResults" fullname="Codeo.CQRS.Tests.TestQueryExecution+TestCachingByAttribute+WhenNotDecorated.ShouldBeAbleToReadMultipleResults" methodname="ShouldBeAbleToReadMultipleResults" classname="Codeo.CQRS.Tests.TestQueryExecution" runstate="Runnable" seed="411814890" result="Passed" start-time="2019-12-19 13:39:36Z" end-time="2019-12-19 13:39:36Z" duration="0.004800" asserts="0" />
            <test-case id="0-1153" name="ShouldBeAbleToReadSingleResult" fullname="Codeo.CQRS.Tests.TestQueryExecution+TestCachingByAttribute+WhenNotDecorated.ShouldBeAbleToReadSingleResult" methodname="ShouldBeAbleToReadSingleResult" classname="Codeo.CQRS.Tests.TestQueryExecution" runstate="Runnable" seed="1266061440" result="Passed" start-time="2019-12-19 13:39:36Z" end-time="2019-12-19 13:39:36Z" duration="0.001173" asserts="0" />
            <test-case id="0-1157" name="ShouldBeAbleToReadSingleResultOfNonEntity" fullname="Codeo.CQRS.Tests.TestQueryExecution+TestCachingByAttribute+WhenNotDecorated.ShouldBeAbleToReadSingleResultOfNonEntity" methodname="ShouldBeAbleToReadSingleResultOfNonEntity" classname="Codeo.CQRS.Tests.TestQueryExecution" runstate="Runnable" seed="1776741317" result="Passed" start-time="2019-12-19 13:39:36Z" end-time="2019-12-19 13:39:36Z" duration="0.000911" asserts="0" />
            <test-case id="0-1152" name="ShouldNotCache" fullname="Codeo.CQRS.Tests.TestQueryExecution+TestCachingByAttribute+WhenNotDecorated.ShouldNotCache" methodname="ShouldNotCache" classname="Codeo.CQRS.Tests.TestQueryExecution+TestCachingByAttribute+WhenNotDecorated" runstate="Runnable" seed="868568562" result="Passed" start-time="2019-12-19 13:39:36Z" end-time="2019-12-19 13:39:36Z" duration="0.007121" asserts="0" />
          </test-suite>
          <test-suite type="TestFixture" id="0-1073" name="TestQueryExecution+TestGenericDeleteCommand" fullname="Codeo.CQRS.Tests.TestQueryExecution+TestGenericDeleteCommand" classname="Codeo.CQRS.Tests.TestQueryExecution+TestGenericDeleteCommand" runstate="Runnable" testcasecount="8" result="Passed" start-time="2019-12-19 13:39:36Z" end-time="2019-12-19 13:39:36Z" duration="0.032229" total="8" passed="8" failed="0" warnings="0" inconclusive="0" skipped="0" asserts="0">
            <test-case id="0-1077" name="ShouldBeAbleToInsertAndReadASingleResult" fullname="Codeo.CQRS.Tests.TestQueryExecution+TestGenericDeleteCommand.ShouldBeAbleToInsertAndReadASingleResult" methodname="ShouldBeAbleToInsertAndReadASingleResult" classname="Codeo.CQRS.Tests.TestQueryExecution" runstate="Runnable" seed="1642786680" result="Passed" start-time="2019-12-19 13:39:36Z" end-time="2019-12-19 13:39:36Z" duration="0.002636" asserts="0" />
            <test-case id="0-1078" name="ShouldBeAbleToInsertWithNoResult" fullname="Codeo.CQRS.Tests.TestQueryExecution+TestGenericDeleteCommand.ShouldBeAbleToInsertWithNoResult" methodname="ShouldBeAbleToInsertWithNoResult" classname="Codeo.CQRS.Tests.TestQueryExecution" runstate="Runnable" seed="1958879077" result="Passed" start-time="2019-12-19 13:39:36Z" end-time="2019-12-19 13:39:36Z" duration="0.001846" asserts="0" />
            <test-case id="0-1081" name="ShouldBeAbleToReadManyResultsOfNonEntity" fullname="Codeo.CQRS.Tests.TestQueryExecution+TestGenericDeleteCommand.ShouldBeAbleToReadManyResultsOfNonEntity" methodname="ShouldBeAbleToReadManyResultsOfNonEntity" classname="Codeo.CQRS.Tests.TestQueryExecution" runstate="Runnable" seed="2000673943" result="Passed" start-time="2019-12-19 13:39:36Z" end-time="2019-12-19 13:39:36Z" duration="0.000413" asserts="0" />
            <test-case id="0-1079" name="ShouldBeAbleToReadMultipleResults" fullname="Codeo.CQRS.Tests.TestQueryExecution+TestGenericDeleteCommand.ShouldBeAbleToReadMultipleResults" methodname="ShouldBeAbleToReadMultipleResults" classname="Codeo.CQRS.Tests.TestQueryExecution" runstate="Runnable" seed="522327832" result="Passed" start-time="2019-12-19 13:39:36Z" end-time="2019-12-19 13:39:36Z" duration="0.003987" asserts="0" />
            <test-case id="0-1076" name="ShouldBeAbleToReadSingleResult" fullname="Codeo.CQRS.Tests.TestQueryExecution+TestGenericDeleteCommand.ShouldBeAbleToReadSingleResult" methodname="ShouldBeAbleToReadSingleResult" classname="Codeo.CQRS.Tests.TestQueryExecution" runstate="Runnable" seed="2084113666" result="Passed" start-time="2019-12-19 13:39:36Z" end-time="2019-12-19 13:39:36Z" duration="0.000836" asserts="0" />
            <test-case id="0-1080" name="ShouldBeAbleToReadSingleResultOfNonEntity" fullname="Codeo.CQRS.Tests.TestQueryExecution+TestGenericDeleteCommand.ShouldBeAbleToReadSingleResultOfNonEntity" methodname="ShouldBeAbleToReadSingleResultOfNonEntity" classname="Codeo.CQRS.Tests.TestQueryExecution" runstate="Runnable" seed="1593262589" result="Passed" start-time="2019-12-19 13:39:36Z" end-time="2019-12-19 13:39:36Z" duration="0.000643" asserts="0" />
            <test-case id="0-1074" name="ShouldDelete" fullname="Codeo.CQRS.Tests.TestQueryExecution+TestGenericDeleteCommand.ShouldDelete" methodname="ShouldDelete" classname="Codeo.CQRS.Tests.TestQueryExecution+TestGenericDeleteCommand" runstate="Runnable" seed="1734437142" result="Passed" start-time="2019-12-19 13:39:36Z" end-time="2019-12-19 13:39:36Z" duration="0.013378" asserts="0" />
            <test-case id="0-1075" name="ShouldDeleteAndReturnValue" fullname="Codeo.CQRS.Tests.TestQueryExecution+TestGenericDeleteCommand.ShouldDeleteAndReturnValue" methodname="ShouldDeleteAndReturnValue" classname="Codeo.CQRS.Tests.TestQueryExecution+TestGenericDeleteCommand" runstate="Runnable" seed="560935790" result="Passed" start-time="2019-12-19 13:39:36Z" end-time="2019-12-19 13:39:36Z" duration="0.007626" asserts="0" />
          </test-suite>
          <test-suite type="TestFixture" id="0-1065" name="TestQueryExecution+TestGenericUpdateCommand" fullname="Codeo.CQRS.Tests.TestQueryExecution+TestGenericUpdateCommand" classname="Codeo.CQRS.Tests.TestQueryExecution+TestGenericUpdateCommand" runstate="Runnable" testcasecount="7" result="Passed" start-time="2019-12-19 13:39:36Z" end-time="2019-12-19 13:39:36Z" duration="0.016962" total="7" passed="7" failed="0" warnings="0" inconclusive="0" skipped="0" asserts="0">
            <test-case id="0-1068" name="ShouldBeAbleToInsertAndReadASingleResult" fullname="Codeo.CQRS.Tests.TestQueryExecution+TestGenericUpdateCommand.ShouldBeAbleToInsertAndReadASingleResult" methodname="ShouldBeAbleToInsertAndReadASingleResult" classname="Codeo.CQRS.Tests.TestQueryExecution" runstate="Runnable" seed="2017674273" result="Passed" start-time="2019-12-19 13:39:36Z" end-time="2019-12-19 13:39:36Z" duration="0.003309" asserts="0" />
            <test-case id="0-1069" name="ShouldBeAbleToInsertWithNoResult" fullname="Codeo.CQRS.Tests.TestQueryExecution+TestGenericUpdateCommand.ShouldBeAbleToInsertWithNoResult" methodname="ShouldBeAbleToInsertWithNoResult" classname="Codeo.CQRS.Tests.TestQueryExecution" runstate="Runnable" seed="79401667" result="Passed" start-time="2019-12-19 13:39:36Z" end-time="2019-12-19 13:39:36Z" duration="0.001909" asserts="0" />
            <test-case id="0-1072" name="ShouldBeAbleToReadManyResultsOfNonEntity" fullname="Codeo.CQRS.Tests.TestQueryExecution+TestGenericUpdateCommand.ShouldBeAbleToReadManyResultsOfNonEntity" methodname="ShouldBeAbleToReadManyResultsOfNonEntity" classname="Codeo.CQRS.Tests.TestQueryExecution" runstate="Runnable" seed="1200246216" result="Passed" start-time="2019-12-19 13:39:36Z" end-time="2019-12-19 13:39:36Z" duration="0.000423" asserts="0" />
            <test-case id="0-1070" name="ShouldBeAbleToReadMultipleResults" fullname="Codeo.CQRS.Tests.TestQueryExecution+TestGenericUpdateCommand.ShouldBeAbleToReadMultipleResults" methodname="ShouldBeAbleToReadMultipleResults" classname="Codeo.CQRS.Tests.TestQueryExecution" runstate="Runnable" seed="1375217318" result="Passed" start-time="2019-12-19 13:39:36Z" end-time="2019-12-19 13:39:36Z" duration="0.003662" asserts="0" />
            <test-case id="0-1067" name="ShouldBeAbleToReadSingleResult" fullname="Codeo.CQRS.Tests.TestQueryExecution+TestGenericUpdateCommand.ShouldBeAbleToReadSingleResult" methodname="ShouldBeAbleToReadSingleResult" classname="Codeo.CQRS.Tests.TestQueryExecution" runstate="Runnable" seed="1490552804" result="Passed" start-time="2019-12-19 13:39:36Z" end-time="2019-12-19 13:39:36Z" duration="0.002479" asserts="0" />
            <test-case id="0-1071" name="ShouldBeAbleToReadSingleResultOfNonEntity" fullname="Codeo.CQRS.Tests.TestQueryExecution+TestGenericUpdateCommand.ShouldBeAbleToReadSingleResultOfNonEntity" methodname="ShouldBeAbleToReadSingleResultOfNonEntity" classname="Codeo.CQRS.Tests.TestQueryExecution" runstate="Runnable" seed="226365254" result="Passed" start-time="2019-12-19 13:39:36Z" end-time="2019-12-19 13:39:36Z" duration="0.000809" asserts="0" />
            <test-case id="0-1066" name="ShouldUpdate" fullname="Codeo.CQRS.Tests.TestQueryExecution+TestGenericUpdateCommand.ShouldUpdate" methodname="ShouldUpdate" classname="Codeo.CQRS.Tests.TestQueryExecution+TestGenericUpdateCommand" runstate="Runnable" seed="1736778651" result="Passed" start-time="2019-12-19 13:39:36Z" end-time="2019-12-19 13:39:36Z" duration="0.004081" asserts="0" />
          </test-suite>
          <test-suite type="TestFixture" id="0-1056" name="TestQueryExecution+WhenTransactionIsRequired" fullname="Codeo.CQRS.Tests.TestQueryExecution+WhenTransactionIsRequired" classname="Codeo.CQRS.Tests.TestQueryExecution+WhenTransactionIsRequired" runstate="Runnable" testcasecount="8" result="Passed" start-time="2019-12-19 13:39:36Z" end-time="2019-12-19 13:39:36Z" duration="0.012147" total="8" passed="7" failed="0" warnings="0" inconclusive="0" skipped="1" asserts="0">
            <test-case id="0-1060" name="ShouldBeAbleToInsertAndReadASingleResult" fullname="Codeo.CQRS.Tests.TestQueryExecution+WhenTransactionIsRequired.ShouldBeAbleToInsertAndReadASingleResult" methodname="ShouldBeAbleToInsertAndReadASingleResult" classname="Codeo.CQRS.Tests.TestQueryExecution" runstate="Runnable" seed="1481972111" result="Passed" start-time="2019-12-19 13:39:36Z" end-time="2019-12-19 13:39:36Z" duration="0.002443" asserts="0" />
            <test-case id="0-1061" name="ShouldBeAbleToInsertWithNoResult" fullname="Codeo.CQRS.Tests.TestQueryExecution+WhenTransactionIsRequired.ShouldBeAbleToInsertWithNoResult" methodname="ShouldBeAbleToInsertWithNoResult" classname="Codeo.CQRS.Tests.TestQueryExecution" runstate="Runnable" seed="111004232" result="Passed" start-time="2019-12-19 13:39:36Z" end-time="2019-12-19 13:39:36Z" duration="0.001743" asserts="0" />
            <test-case id="0-1064" name="ShouldBeAbleToReadManyResultsOfNonEntity" fullname="Codeo.CQRS.Tests.TestQueryExecution+WhenTransactionIsRequired.ShouldBeAbleToReadManyResultsOfNonEntity" methodname="ShouldBeAbleToReadManyResultsOfNonEntity" classname="Codeo.CQRS.Tests.TestQueryExecution" runstate="Runnable" seed="671351958" result="Passed" start-time="2019-12-19 13:39:36Z" end-time="2019-12-19 13:39:36Z" duration="0.000404" asserts="0" />
            <test-case id="0-1062" name="ShouldBeAbleToReadMultipleResults" fullname="Codeo.CQRS.Tests.TestQueryExecution+WhenTransactionIsRequired.ShouldBeAbleToReadMultipleResults" methodname="ShouldBeAbleToReadMultipleResults" classname="Codeo.CQRS.Tests.TestQueryExecution" runstate="Runnable" seed="306389621" result="Passed" start-time="2019-12-19 13:39:36Z" end-time="2019-12-19 13:39:36Z" duration="0.003282" asserts="0" />
            <test-case id="0-1059" name="ShouldBeAbleToReadSingleResult" fullname="Codeo.CQRS.Tests.TestQueryExecution+WhenTransactionIsRequired.ShouldBeAbleToReadSingleResult" methodname="ShouldBeAbleToReadSingleResult" classname="Codeo.CQRS.Tests.TestQueryExecution" runstate="Runnable" seed="1469289619" result="Passed" start-time="2019-12-19 13:39:36Z" end-time="2019-12-19 13:39:36Z" duration="0.001437" asserts="0" />
            <test-case id="0-1063" name="ShouldBeAbleToReadSingleResultOfNonEntity" fullname="Codeo.CQRS.Tests.TestQueryExecution+WhenTransactionIsRequired.ShouldBeAbleToReadSingleResultOfNonEntity" methodname="ShouldBeAbleToReadSingleResultOfNonEntity" classname="Codeo.CQRS.Tests.TestQueryExecution" runstate="Runnable" seed="141720337" result="Passed" start-time="2019-12-19 13:39:36Z" end-time="2019-12-19 13:39:36Z" duration="0.000712" asserts="0" />
            <test-case id="0-1058" name="ShouldNotThrowIfAvailable" fullname="Codeo.CQRS.Tests.TestQueryExecution+WhenTransactionIsRequired.ShouldNotThrowIfAvailable" methodname="ShouldNotThrowIfAvailable" classname="Codeo.CQRS.Tests.TestQueryExecution+WhenTransactionIsRequired" runstate="Explicit" seed="2072119289" result="Skipped" label="Explicit" start-time="2019-12-19 13:39:36Z" end-time="2019-12-19 13:39:36Z" duration="0.000837" asserts="0">
              <properties>
                <property name="_SKIPREASON" value="Runs fine by itself, but in the full test pack, something is making TimeSpan.Zero != 0" />
              </properties>
              <reason>
                <message><![CDATA[Runs fine by itself, but in the full test pack, something is making TimeSpan.Zero != 0]]></message>
              </reason>
            </test-case>
            <test-case id="0-1057" name="ShouldThrowIfNoneAvailable" fullname="Codeo.CQRS.Tests.TestQueryExecution+WhenTransactionIsRequired.ShouldThrowIfNoneAvailable" methodname="ShouldThrowIfNoneAvailable" classname="Codeo.CQRS.Tests.TestQueryExecution+WhenTransactionIsRequired" runstate="Runnable" seed="861425232" result="Passed" start-time="2019-12-19 13:39:36Z" end-time="2019-12-19 13:39:36Z" duration="0.000993" asserts="0" />
          </test-suite>
        </test-suite>
      </test-suite>
    </test-suite>
  </test-suite>
</test-run>